2014-09-25 08:53:57.638 [error] <0.114.0> /Users/Admin/Sites/webserver/src/app/c_mail.erl:11: Error: syntax error before: ')'
2014-09-25 08:54:53.112 [error] <0.114.0> /Users/Admin/Sites/webserver/src/app/c_mail.erl:11: Error: bad record declaration
2014-09-25 08:55:42.687 [error] <0.114.0> /Users/Admin/Sites/webserver/src/app/c_mail.erl:11: Warning: record gmail is unused
/Users/Admin/Sites/webserver/src/app/c_mail.erl:0: Recompiled with 1 warnings
2014-09-25 08:56:41.188 [error] <0.114.0> /Users/Admin/Sites/webserver/src/app/c_mail.erl:11: Warning: record gmail is unused
/Users/Admin/Sites/webserver/src/app/c_mail.erl:0: Recompiled with 1 warnings
2014-09-25 08:56:41.199 [info] <0.114.0> c_mail: Reloaded! (Beam changed.)
2014-09-25 08:57:48.789 [info] <0.114.0> /Users/Admin/Sites/webserver/src/app/c_mail.erl:0: Recompiled.
2014-09-25 08:57:48.800 [info] <0.114.0> c_mail: Reloaded! (Beam changed.)
2014-09-25 08:58:15.046 [error] <0.114.0> /Users/Admin/Sites/webserver/src/app/c_mail.erl:16: Error: syntax error before: '}'
/Users/Admin/Sites/webserver/src/app/c_mail.erl:41: Error: record gmail undefined
/Users/Admin/Sites/webserver/src/app/c_mail.erl:42: Error: record gmail undefined
/Users/Admin/Sites/webserver/src/app/c_mail.erl:43: Error: record gmail undefined
2014-09-25 08:58:48.332 [error] <0.114.0> /Users/Admin/Sites/webserver/src/app/c_mail.erl:17: Error: syntax error before: ')'
2014-09-25 08:59:15.604 [info] <0.114.0> /Users/Admin/Sites/webserver/src/app/c_mail.erl:0: Recompiled.
2014-09-25 08:59:15.612 [info] <0.114.0> c_mail: Reloaded! (Beam changed.)
2014-09-25 08:59:21.658 [info] <0.114.0> /Users/Admin/Sites/webserver/src/app/c_mail.erl:0: Recompiled.
2014-09-25 08:59:21.666 [info] <0.114.0> c_mail: Reloaded! (Beam changed.)
2014-09-25 09:03:59.990 [info] <0.114.0> /Users/Admin/Sites/webserver/src/app/c_mail.erl:0: Recompiled.
2014-09-25 09:03:59.998 [info] <0.114.0> c_mail: Reloaded! (Beam changed.)
2014-09-25 09:04:50.406 [info] <0.114.0> /Users/Admin/Sites/webserver/src/app/c_mail.erl:0: Recompiled.
2014-09-25 09:04:50.414 [info] <0.114.0> c_mail: Reloaded! (Beam changed.)
2014-09-25 09:05:03.533 [info] <0.114.0> /Users/Admin/Sites/webserver/src/app/c_mail.erl:0: Recompiled.
2014-09-25 09:05:03.542 [info] <0.114.0> c_mail: Reloaded! (Beam changed.)
2014-09-25 09:05:07.578 [info] <0.114.0> /Users/Admin/Sites/webserver/src/app/c_mail.erl:0: Recompiled.
2014-09-25 09:05:07.587 [info] <0.114.0> c_mail: Reloaded! (Beam changed.)
2014-09-25 09:05:58.052 [info] <0.114.0> /Users/Admin/Sites/webserver/src/treatment/api_treatments.erl:0: Recompiled.
2014-09-25 09:05:58.065 [info] <0.114.0> api_treatments: Reloaded! (Beam changed.)
2014-09-25 09:06:09.215 [info] <0.114.0> /Users/Admin/Sites/webserver/src/treatment/api_treatments.erl:0: Recompiled.
2014-09-25 09:06:09.224 [info] <0.114.0> api_treatments: Reloaded! (Beam changed.)
2014-09-25 09:06:27.433 [error] <0.114.0> gen_server sync_scanner terminated with reason: no case clause matching {ok,c_mail,<<70,79,82,49,0,0,5,216,66,69,65,77,65,116,111,109,0,0,0,83,0,0,0,8,6,99,95,109,97,105,108,4,115,101,110,100,8,109,105,109,101,109,97,105,108,6,101,110,99,111,100,101,15,103,101,110,95,115,109,116,112,95,99,108,105,101,110,116,11,109,111,100,117,108,101,95,105,110,102,111,6,101,114,108,97,110,103,15,103,101,116,95,109,111,100,117,108,101,95,105,110,102,111,0,67,111,100,101,0,0,0,144,0,0,0,16,0,0,0,0,0,0,0,153,0,0,0,7,0,0,0,3,1,16,153,16,2,18,34,64,1,32,13,32,176,64,64,19,20,64,3,...>>,...} in sync_scanner:recompile_src_file/2 line 465
2014-09-25 09:06:27.434 [error] <0.114.0> CRASH REPORT Process sync_scanner with 0 neighbours exited with reason: no case clause matching {ok,c_mail,<<70,79,82,49,0,0,5,216,66,69,65,77,65,116,111,109,0,0,0,83,0,0,0,8,6,99,95,109,97,105,108,4,115,101,110,100,8,109,105,109,101,109,97,105,108,6,101,110,99,111,100,101,15,103,101,110,95,115,109,116,112,95,99,108,105,101,110,116,11,109,111,100,117,108,101,95,105,110,102,111,6,101,114,108,97,110,103,15,103,101,116,95,109,111,100,117,108,101,95,105,110,102,111,0,67,111,100,101,0,0,0,144,0,0,0,16,0,0,0,0,0,0,0,153,0,0,0,7,0,0,0,3,1,16,153,16,2,18,34,64,1,32,13,32,176,64,64,19,20,64,3,...>>,...} in sync_scanner:recompile_src_file/2 line 465 in gen_server:terminate/6 line 744
2014-09-25 09:06:27.434 [error] <0.113.0> Supervisor sync had child sync_scanner started with sync_scanner:start_link() at <0.114.0> exit with reason no case clause matching {ok,c_mail,<<70,79,82,49,0,0,5,216,66,69,65,77,65,116,111,109,0,0,0,83,0,0,0,8,6,99,95,109,97,105,108,4,115,101,110,100,8,109,105,109,101,109,97,105,108,6,101,110,99,111,100,101,15,103,101,110,95,115,109,116,112,95,99,108,105,101,110,116,11,109,111,100,117,108,101,95,105,110,102,111,6,101,114,108,97,110,103,15,103,101,116,95,109,111,100,117,108,101,95,105,110,102,111,0,67,111,100,101,0,0,0,144,0,0,0,16,0,0,0,0,0,0,0,153,0,0,0,7,0,0,0,3,1,16,153,16,2,18,34,64,1,32,13,32,176,64,64,19,20,64,3,...>>,...} in sync_scanner:recompile_src_file/2 line 465 in context child_terminated
2014-09-25 09:07:08.047 [info] <0.7.0> Application lager started on node nonode@nohost
2014-09-25 09:07:08.053 [info] <0.7.0> Application sync started on node nonode@nohost
2014-09-25 09:07:08.056 [info] <0.7.0> Application jsx started on node nonode@nohost
2014-09-25 09:07:08.059 [info] <0.7.0> Application gen_smtp started on node nonode@nohost
2014-09-25 09:07:08.068 [info] <0.7.0> Application emongo started on node nonode@nohost
2014-09-25 09:07:08.089 [info] <0.7.0> Application gproc started on node nonode@nohost
2014-09-25 09:08:52.157 [warning] <0.6.0> lager_error_logger_h dropped 21 messages in the last second that exceeded the limit of 50 messages/sec
2014-09-25 09:08:52.157 [error] <0.114.0> /Users/Admin/Sites/webserver/src/treatment/api_treatments.erl:13: Error: function handle/2 undefined
/Users/Admin/Sites/webserver/src/treatment/api_treatments.erl:33: Error: syntax error before: '{'
2014-09-25 09:10:18.925 [info] <0.114.0> /Users/Admin/Sites/webserver/src/treatment/api_treatments.erl:0: Recompiled.
2014-09-25 09:10:24.701 [error] emulator Error in process <0.930.0> with exit value: {[{reason,function_clause},{mfa,{api_treatments,handle,2}},{stacktrace,[{binstr,'-all/2-lbc$^0/2-0-',["222",<<0 bytes>>],[{file,"src/binstr.erl"},{line,226}]},{binstr,all,2,[{file,"src/binstr.erl"},{line,226}]},{mimemail,guess_charset,1,[{file... 


2014-09-25 09:10:24.702 [error] <0.138.0> Ranch listener http_listener had connection process started with cowboy_protocol:start_link/4 at <0.930.0> exit with reason: {[{reason,function_clause},{mfa,{api_treatments,handle,2}},{stacktrace,[{binstr,'-all/2-lbc$^0/2-0-',["222",<<>>],[{file,"src/binstr.erl"},{line,226}]},{binstr,all,2,[{file,"src/binstr.erl"},{line,226}]},{mimemail,guess_charset,1,[{file,"src/mimemail.erl"},{line,679}]},{mimemail,ensure_content_headers,7,[{file,"src/mimemail.erl"},{line,625}]},{mimemail,encode,2,[{file,"src/mimemail.erl"},{line,107}]},{mailer,send,4,[{file,"src/app/mailer.erl"},{line,19}]},{api_treatments,handle,2,[{file,"/Users/Admin/Sites/webserver/src/treatment/api_treatments.erl"},{line,32}]},{cowboy_handler,handler_handle,4,[{file,"src/cowboy_handler.erl"},{line,111}]}]},{req,[{socket,#Port<0.11684>},{transport,ranch_tcp},{connection,keepalive},{pid,<0.930.0>},{method,<<"GET">>},{version,'HTTP/1.1'},{peer,{{127,0,0,1},54471}},{host,<<"localhost">>},{host_info,undefined},{port,8008},{path,<<"/api/treatments">>},{path_info,undefined},{qs,<<"condition=all&status=1lvl">>},{qs_vals,undefined},{bindings,[]},{headers,[{<<"host">>,<<"localhost:8008">>},{<<"user-agent">>,<<"Mozilla/5.0 (Macintosh; Intel Mac OS X 10.9; rv:32.0) Gecko/20100101 Firefox/32.0">>},{<<"accept">>,<<"application/json, text/javascript, */*; q=0.01">>},{<<"accept-language">>,<<"ru-RU,ru;q=0.8,en-US;q=0.5,en;q=0.3">>},{<<"accept-encoding">>,<<"gzip, deflate">>},{<<"x-requested-with">>,<<"XMLHttpRequest">>},{<<"referer">>,<<"http://localhost:8008/treatment_f">>},{<<"connection">>,<<"keep-alive">>}]},{p_headers,[{<<"connection">>,[<<"keep-alive">>]}]},{cookies,undefined},{meta,[]},{body_state,waiting},{buffer,<<>>},{multipart,undefined},{resp_compress,false},{resp_state,waiting},{resp_headers,[]},{resp_body,<<>>},{onresponse,undefined}]},{state,undefined_state}],[{cowboy_protocol,execute,4,[{file,"src/cowboy_protocol.erl"},{line,435}]}]}

2014-09-25 09:11:17.107 [info] <0.114.0> /Users/Admin/Sites/webserver/src/treatment/api_treatments.erl:0: Recompiled.
2014-09-25 09:11:17.117 [info] <0.114.0> api_treatments: Reloaded! (Beam changed.)
2014-09-25 09:11:19.633 [error] emulator Error in process <0.1205.0> with exit value: {[{reason,missing_from},{mfa,{api_treatments,handle,2}},{stacktrace,[{mimemail,check_headers,2,[{file,"src/mimemail.erl"},{line,574}]},{mimemail,encode,2,[{file,"src/mimemail.erl"},{line,108}]},{mailer,send,4,[{file,"src/app/... 


2014-09-25 09:11:19.634 [error] <0.138.0> Ranch listener http_listener had connection process started with cowboy_protocol:start_link/4 at <0.1205.0> exit with reason: {[{reason,missing_from},{mfa,{api_treatments,handle,2}},{stacktrace,[{mimemail,check_headers,2,[{file,"src/mimemail.erl"},{line,574}]},{mimemail,encode,2,[{file,"src/mimemail.erl"},{line,108}]},{mailer,send,4,[{file,"src/app/mailer.erl"},{line,19}]},{api_treatments,handle,2,[{file,"/Users/Admin/Sites/webserver/src/treatment/api_treatments.erl"},{line,32}]},{cowboy_handler,handler_handle,4,[{file,"src/cowboy_handler.erl"},{line,111}]},{cowboy_protocol,execute,4,[{file,"src/cowboy_protocol.erl"},{line,435}]}]},{req,[{socket,#Port<0.13107>},{transport,ranch_tcp},{connection,keepalive},{pid,<0.1205.0>},{method,<<"GET">>},{version,'HTTP/1.1'},{peer,{{127,0,0,1},54482}},{host,<<"localhost">>},{host_info,undefined},{port,8008},{path,<<"/api/treatments">>},{path_info,undefined},{qs,<<"condition=all&status=1lvl">>},{qs_vals,undefined},{bindings,[]},{headers,[{<<"host">>,<<"localhost:8008">>},{<<"user-agent">>,<<"Mozilla/5.0 (Macintosh; Intel Mac OS X 10.9; rv:32.0) Gecko/20100101 Firefox/32.0">>},{<<"accept">>,<<"application/json, text/javascript, */*; q=0.01">>},{<<"accept-language">>,<<"ru-RU,ru;q=0.8,en-US;q=0.5,en;q=0.3">>},{<<"accept-encoding">>,<<"gzip, deflate">>},{<<"x-requested-with">>,<<"XMLHttpRequest">>},{<<"referer">>,<<"http://localhost:8008/treatment_f">>},{<<"connection">>,<<"keep-alive">>}]},{p_headers,[{<<"connection">>,[<<"keep-alive">>]}]},{cookies,undefined},{meta,[]},{body_state,waiting},{buffer,<<>>},{multipart,undefined},{resp_compress,false},{resp_state,waiting},{resp_headers,[]},{resp_body,<<>>},{onresponse,undefined}]},{state,undefined_state}],[{cowboy_protocol,execute,4,[{file,"src/cowboy_protocol.erl"},{line,435}]}]}

2014-09-25 09:57:55.184 [info] <0.114.0> /Users/Admin/Sites/webserver/src/app/mailer.erl:0: Recompiled.
2014-09-25 09:57:55.193 [info] <0.114.0> mailer: Reloaded! (Beam changed.)
2014-09-25 09:58:15.701 [info] <0.7.0> Application lager started on node nonode@nohost
2014-09-25 09:58:15.707 [info] <0.7.0> Application sync started on node nonode@nohost
2014-09-25 09:58:15.709 [info] <0.7.0> Application jsx started on node nonode@nohost
2014-09-25 09:58:15.712 [info] <0.7.0> Application gen_smtp started on node nonode@nohost
2014-09-25 09:58:15.722 [info] <0.7.0> Application emongo started on node nonode@nohost
2014-09-25 09:58:15.743 [info] <0.7.0> Application gproc started on node nonode@nohost
2014-09-25 09:59:10.821 [warning] <0.6.0> lager_error_logger_h dropped 71 messages in the last second that exceeded the limit of 50 messages/sec
2014-09-25 09:59:10.821 [info] <0.114.0> /Users/Admin/Sites/webserver/src/treatment/api_treatments.erl:0: Recompiled.
2014-09-25 10:24:16.836 [error] <0.114.0> /Users/Admin/Sites/webserver/src/app/mailer.erl:16: Error: function send/3 undefined
/Users/Admin/Sites/webserver/src/app/mailer.erl:16: Error: function signed_body/4 undefined
/Users/Admin/Sites/webserver/src/app/mailer.erl:22: Warning: function send/4 is unused
2014-09-25 10:24:58.234 [info] <0.114.0> /Users/Admin/Sites/webserver/src/app/mailer.erl:0: Recompiled.
2014-09-25 10:24:58.241 [info] <0.114.0> mailer: Reloaded! (Beam changed.)
2014-09-25 10:25:23.525 [error] <0.114.0> /Users/Admin/Sites/webserver/src/app/mailer.erl:11: Warning: record gmail is unused
/Users/Admin/Sites/webserver/src/app/mailer.erl:0: Recompiled with 1 warnings
2014-09-25 10:25:23.534 [info] <0.114.0> mailer: Reloaded! (Beam changed.)
2014-09-25 10:26:42.202 [info] <0.114.0> /Users/Admin/Sites/webserver/src/app/mailer.erl:0: Recompiled.
2014-09-25 10:26:42.211 [info] <0.114.0> mailer: Reloaded! (Beam changed.)
2014-09-25 10:27:04.163 [info] <0.7.0> Application lager started on node nonode@nohost
2014-09-25 10:27:04.169 [info] <0.7.0> Application sync started on node nonode@nohost
2014-09-25 10:27:04.171 [info] <0.7.0> Application jsx started on node nonode@nohost
2014-09-25 10:27:04.173 [info] <0.7.0> Application gen_smtp started on node nonode@nohost
2014-09-25 10:27:04.183 [info] <0.7.0> Application emongo started on node nonode@nohost
2014-09-25 10:27:04.203 [info] <0.7.0> Application gproc started on node nonode@nohost
2014-09-25 10:27:17.678 [warning] <0.6.0> lager_error_logger_h dropped 21 messages in the last second that exceeded the limit of 50 messages/sec
2014-09-25 10:27:17.678 [error] emulator Error in process <0.267.0> with exit value: {[{reason,undef},{mfa,{api_treatments,handle,2}},{stacktrace,[{mailer,signed_body,[<<4 bytes>>,<<4 bytes>>,<<4 bytes>>,<<4 bytes>>],[]},{api_treatments,handle,2,[{file,"src/treatment/api_treatments.erl"},{line,32}]},{cowboy_handler,handler_handle,4,[{file,"src/c... 


2014-09-25 10:27:17.679 [error] <0.138.0> Ranch listener http_listener had connection process started with cowboy_protocol:start_link/4 at <0.267.0> exit with reason: {[{reason,undef},{mfa,{api_treatments,handle,2}},{stacktrace,[{mailer,signed_body,[<<"test">>,<<"test">>,<<"test">>,<<"test">>],[]},{api_treatments,handle,2,[{file,"src/treatment/api_treatments.erl"},{line,32}]},{cowboy_handler,handler_handle,4,[{file,"src/cowboy_handler.erl"},{line,111}]},{cowboy_protocol,execute,4,[{file,"src/cowboy_protocol.erl"},{line,435}]}]},{req,[{socket,#Port<0.10974>},{transport,ranch_tcp},{connection,keepalive},{pid,<0.267.0>},{method,<<"GET">>},{version,'HTTP/1.1'},{peer,{{127,0,0,1},55041}},{host,<<"localhost">>},{host_info,undefined},{port,8008},{path,<<"/api/treatments">>},{path_info,undefined},{qs,<<"condition=all&status=1lvl">>},{qs_vals,undefined},{bindings,[]},{headers,[{<<"host">>,<<"localhost:8008">>},{<<"user-agent">>,<<"Mozilla/5.0 (Macintosh; Intel Mac OS X 10.9; rv:32.0) Gecko/20100101 Firefox/32.0">>},{<<"accept">>,<<"application/json, text/javascript, */*; q=0.01">>},{<<"accept-language">>,<<"ru-RU,ru;q=0.8,en-US;q=0.5,en;q=0.3">>},{<<"accept-encoding">>,<<"gzip, deflate">>},{<<"x-requested-with">>,<<"XMLHttpRequest">>},{<<"referer">>,<<"http://localhost:8008/treatment_f">>},{<<"connection">>,<<"keep-alive">>}]},{p_headers,[{<<"connection">>,[<<"keep-alive">>]}]},{cookies,undefined},{meta,[]},{body_state,waiting},{buffer,<<>>},{multipart,undefined},{resp_compress,false},{resp_state,waiting},{resp_headers,[]},{resp_body,<<>>},{onresponse,undefined}]},{state,undefined_state}],[{cowboy_protocol,execute,4,[{file,"src/cowboy_protocol.erl"},{line,435}]}]}

2014-09-25 10:28:01.048 [info] <0.114.0> /Users/Admin/Sites/webserver/src/treatment/api_treatments.erl:0: Recompiled.
2014-09-25 10:28:01.055 [info] <0.114.0> api_treatments: Reloaded! (Beam changed.)
2014-09-25 10:28:18.856 [error] <0.138.0> Ranch listener http_listener had connection process started with cowboy_protocol:start_link/4 at <0.797.0> exit with reason: badarg

2014-09-25 10:28:18.865 [error] <0.138.0> Ranch listener http_listener had connection process started with cowboy_protocol:start_link/4 at <0.802.0> exit with reason: badarg

2014-09-25 10:29:17.745 [error] <0.114.0> /Users/Admin/Sites/webserver/src/app/mailer.erl:11: Warning: record gmail is unused
/Users/Admin/Sites/webserver/src/app/mailer.erl:0: Recompiled with 1 warnings
2014-09-25 10:29:17.753 [info] <0.114.0> mailer: Reloaded! (Beam changed.)
2014-09-25 10:30:30.637 [info] <0.114.0> /Users/Admin/Sites/webserver/src/treatment/api_treatments.erl:0: Recompiled.
2014-09-25 10:30:30.649 [info] <0.114.0> api_treatments: Reloaded! (Beam changed.)
2014-09-25 10:30:36.741 [info] <0.114.0> /Users/Admin/Sites/webserver/src/treatment/api_treatments.erl:0: Recompiled.
2014-09-25 10:30:36.753 [info] <0.114.0> api_treatments: Reloaded! (Beam changed.)
2014-09-25 10:32:27.746 [error] <0.114.0> /Users/Admin/Sites/webserver/src/app/mailer.erl:11: Warning: record gmail is unused
/Users/Admin/Sites/webserver/src/app/mailer.erl:0: Recompiled with 1 warnings
2014-09-25 10:32:27.757 [info] <0.114.0> mailer: Reloaded! (Beam changed.)
2014-09-25 10:33:06.193 [info] <0.114.0> /Users/Admin/Sites/webserver/src/treatment/api_treatments.erl:0: Recompiled.
2014-09-25 10:33:06.201 [info] <0.114.0> api_treatments: Reloaded! (Beam changed.)
2014-09-25 10:33:14.280 [error] <0.114.0> /Users/Admin/Sites/webserver/src/app/mailer.erl:11: Warning: record gmail is unused
/Users/Admin/Sites/webserver/src/app/mailer.erl:0: Recompiled with 1 warnings
2014-09-25 10:33:14.288 [info] <0.114.0> mailer: Reloaded! (Beam changed.)
2014-09-25 10:34:46.077 [error] <0.114.0> /Users/Admin/Sites/webserver/src/app/mailer.erl:11: Warning: record gmail is unused
/Users/Admin/Sites/webserver/src/app/mailer.erl:0: Recompiled with 1 warnings
2014-09-25 10:34:46.089 [info] <0.114.0> mailer: Reloaded! (Beam changed.)
2014-09-25 10:35:09.359 [error] <0.114.0> /Users/Admin/Sites/webserver/src/app/mailer.erl:11: Warning: record gmail is unused
/Users/Admin/Sites/webserver/src/app/mailer.erl:0: Recompiled with 1 warnings
2014-09-25 10:35:09.370 [info] <0.114.0> mailer: Reloaded! (Beam changed.)
2014-09-25 10:35:17.481 [info] <0.114.0> /Users/Admin/Sites/webserver/src/treatment/api_treatments.erl:0: Recompiled.
2014-09-25 10:35:17.489 [info] <0.114.0> api_treatments: Reloaded! (Beam changed.)
2014-09-25 10:40:18.984 [error] <0.114.0> /Users/Admin/Sites/webserver/src/app/mailer.erl:11: Warning: record gmail is unused
/Users/Admin/Sites/webserver/src/app/mailer.erl:0: Recompiled with 1 warnings
2014-09-25 10:40:18.992 [info] <0.114.0> mailer: Reloaded! (Beam changed.)
2014-09-25 10:41:03.414 [error] <0.114.0> /Users/Admin/Sites/webserver/src/app/mailer.erl:11: Warning: record gmail is unused
/Users/Admin/Sites/webserver/src/app/mailer.erl:0: Recompiled with 1 warnings
2014-09-25 10:41:03.423 [info] <0.114.0> mailer: Reloaded! (Beam changed.)
2014-09-25 10:42:09.050 [error] <0.114.0> /Users/Admin/Sites/webserver/src/app/mailer.erl:11: Warning: record gmail is unused
/Users/Admin/Sites/webserver/src/app/mailer.erl:0: Recompiled with 1 warnings
2014-09-25 10:42:09.062 [info] <0.114.0> mailer: Reloaded! (Beam changed.)
2014-09-25 10:42:31.399 [error] <0.114.0> /Users/Admin/Sites/webserver/src/app/mailer.erl:11: Warning: record gmail is unused
/Users/Admin/Sites/webserver/src/app/mailer.erl:0: Recompiled with 1 warnings
2014-09-25 10:42:31.411 [info] <0.114.0> mailer: Reloaded! (Beam changed.)
2014-09-25 10:42:54.436 [info] <0.7.0> Application lager started on node nonode@nohost
2014-09-25 10:42:54.442 [info] <0.7.0> Application sync started on node nonode@nohost
2014-09-25 10:42:54.444 [info] <0.7.0> Application jsx started on node nonode@nohost
2014-09-25 10:42:54.447 [info] <0.7.0> Application gen_smtp started on node nonode@nohost
2014-09-25 10:42:54.457 [info] <0.7.0> Application emongo started on node nonode@nohost
2014-09-25 10:42:54.478 [info] <0.7.0> Application gproc started on node nonode@nohost
2014-09-25 10:43:30.971 [info] <0.7.0> Application lager started on node nonode@nohost
2014-09-25 10:43:30.977 [info] <0.7.0> Application sync started on node nonode@nohost
2014-09-25 10:43:30.979 [info] <0.7.0> Application jsx started on node nonode@nohost
2014-09-25 10:43:30.982 [info] <0.7.0> Application gen_smtp started on node nonode@nohost
2014-09-25 10:43:30.992 [info] <0.7.0> Application emongo started on node nonode@nohost
2014-09-25 10:43:31.011 [info] <0.7.0> Application gproc started on node nonode@nohost
