2014-10-07 09:00:22.242 [error] emulator Error in process <0.13348.1> with exit value: {{try_clause,{http_req,#Port<0.12469>,ranch_tcp,keepalive,<0.13348.1>,<<3 bytes>>,'HTTP/1.1',{{127,0,0,1},56497},<<9 bytes>>,undefined,8008,<<10 bytes>>,undefined,<<37 bytes>>,[{<<4 bytes>>,<<20 bytes>>},{<<5 bytes>>,<<5 bytes>>}],[],[{<<4 bytes>>,<<14 bytes>>},{<<10 bytes>>,<<81 bytes>>},{<<6 bytes>>,<<63 bytes>>},{<<15 bytes>>,<<35 bytes>>},{<<15 bytes>>,<<13 bytes>>},{<<10 bytes>>,<<10 bytes>>}],[{<<10 bytes>>,[<<10 bytes>>]}],undefined,[],waiting,<<0 bytes>>,undefined,false,done,[],<<0 bytes>>,undefined}},[{cowboy_handler,handler_handle... 


2014-10-07 09:00:22.242 [error] <0.138.0> Ranch listener http_listener had connection process started with cowboy_protocol:start_link/4 at <0.13348.1> exit with reason: {{try_clause,{http_req,#Port<0.12469>,ranch_tcp,keepalive,<0.13348.1>,<<"GET">>,'HTTP/1.1',{{127,0,0,1},56497},<<"localhost">>,undefined,8008,<<"/authorize">>,undefined,<<"code=141007090021WS24qcaa&state=enter">>,[{<<"code">>,<<"141007090021WS24qcaa">>},{<<"state">>,<<"enter">>}],[],[{<<"host">>,<<"localhost:8008">>},{<<"user-agent">>,<<"Mozilla/5.0 (Macintosh; Intel Mac OS X 10.9; rv:32.0) Gecko/20100101 Firefox/32.0">>},{<<"accept">>,<<"text/html,application/xhtml+xml,application/xml;q=0.9,*/*;q=0.8">>},{<<"accept-language">>,<<"ru-RU,ru;q=0.8,en-US;q=0.5,en;q=0.3">>},{<<"accept-encoding">>,<<"gzip, deflate">>},{<<"connection">>,<<"keep-alive">>}],[{<<"connection">>,[<<"keep-alive">>]}],undefined,[],waiting,<<>>,undefined,false,done,[],<<>>,undefined}},[{cowboy_handler,handler_handle,4,[{file,"src/cowboy_handler.erl"},{line,111}]},{cowboy_protocol,execute,4,[{file,"src/cowboy_protocol.erl"},{line,435}]}]}

2014-10-07 09:20:56.364 [error] <0.114.0> /Users/Admin/Sites/consultations/webserver/src/treatment/tms.erl:71: Warning: variable 'List' is unused
/Users/Admin/Sites/consultations/webserver/src/treatment/tms.erl:0: Recompiled with 1 warnings
2014-10-07 09:21:40.623 [error]  c_http_request:44(): TAG {case_clause,"Not Found"}

2014-10-07 09:21:40.623 [error]  api_get_all_orders_handler:29(): TAG badarg

2014-10-07 09:22:47.463 [error] emulator Error in process <0.4033.0> with exit value: {{try_clause,{http_req,#Port<0.14931>,ranch_tcp,keepalive,<0.4033.0>,<<3 bytes>>,'HTTP/1.1',{{127,0,0,1},57182},<<9 bytes>>,undefined,8008,<<10 bytes>>,undefined,<<37 bytes>>,[{<<4 bytes>>,<<20 bytes>>},{<<5 bytes>>,<<5 bytes>>}],[],[{<<4 bytes>>,<<14 bytes>>},{<<10 bytes>>,<<81 bytes>>},{<<6 bytes>>,<<63 bytes>>},{<<15 bytes>>,<<35 bytes>>},{<<15 bytes>>,<<13 bytes>>},{<<10 bytes>>,<<10 bytes>>}],[{<<10 bytes>>,[<<10 bytes>>]}],undefined,[],waiting,<<0 bytes>>,undefined,false,done,[],<<0 bytes>>,undefined}},[{cowboy_handler,handler_handle... 


2014-10-07 09:22:47.463 [error] <0.138.0> Ranch listener http_listener had connection process started with cowboy_protocol:start_link/4 at <0.4033.0> exit with reason: {{try_clause,{http_req,#Port<0.14931>,ranch_tcp,keepalive,<0.4033.0>,<<"GET">>,'HTTP/1.1',{{127,0,0,1},57182},<<"localhost">>,undefined,8008,<<"/authorize">>,undefined,<<"code=141007092246WS3mucaa&state=enter">>,[{<<"code">>,<<"141007092246WS3mucaa">>},{<<"state">>,<<"enter">>}],[],[{<<"host">>,<<"localhost:8008">>},{<<"user-agent">>,<<"Mozilla/5.0 (Macintosh; Intel Mac OS X 10.9; rv:32.0) Gecko/20100101 Firefox/32.0">>},{<<"accept">>,<<"text/html,application/xhtml+xml,application/xml;q=0.9,*/*;q=0.8">>},{<<"accept-language">>,<<"ru-RU,ru;q=0.8,en-US;q=0.5,en;q=0.3">>},{<<"accept-encoding">>,<<"gzip, deflate">>},{<<"connection">>,<<"keep-alive">>}],[{<<"connection">>,[<<"keep-alive">>]}],undefined,[],waiting,<<>>,undefined,false,done,[],<<>>,undefined}},[{cowboy_handler,handler_handle,4,[{file,"src/cowboy_handler.erl"},{line,111}]},{cowboy_protocol,execute,4,[{file,"src/cowboy_protocol.erl"},{line,435}]}]}

2014-10-07 09:37:48.801 [error]  c_http_request:44(): TAG {case_clause,"Gateway Time-out"}

2014-10-07 09:37:48.801 [error]  api_get_all_orders_handler:29(): TAG badarg

2014-10-07 09:46:00.731 [error]  c_http_request:44(): TAG {case_clause,"Not Found"}

2014-10-07 09:46:00.731 [error]  api_get_all_orders_handler:29(): TAG badarg

2014-10-07 09:46:35.741 [error] emulator Error in process <0.7399.0> with exit value: {{try_clause,{http_req,#Port<0.15396>,ranch_tcp,keepalive,<0.7399.0>,<<3 bytes>>,'HTTP/1.1',{{127,0,0,1},57704},<<9 bytes>>,undefined,8008,<<10 bytes>>,undefined,<<37 bytes>>,[{<<4 bytes>>,<<20 bytes>>},{<<5 bytes>>,<<5 bytes>>}],[],[{<<4 bytes>>,<<14 bytes>>},{<<10 bytes>>,<<81 bytes>>},{<<6 bytes>>,<<63 bytes>>},{<<15 bytes>>,<<35 bytes>>},{<<15 bytes>>,<<13 bytes>>},{<<10 bytes>>,<<10 bytes>>}],[{<<10 bytes>>,[<<10 bytes>>]}],undefined,[],waiting,<<0 bytes>>,undefined,false,done,[],<<0 bytes>>,undefined}},[{cowboy_handler,handler_handle... 


2014-10-07 09:46:35.742 [error] <0.138.0> Ranch listener http_listener had connection process started with cowboy_protocol:start_link/4 at <0.7399.0> exit with reason: {{try_clause,{http_req,#Port<0.15396>,ranch_tcp,keepalive,<0.7399.0>,<<"GET">>,'HTTP/1.1',{{127,0,0,1},57704},<<"localhost">>,undefined,8008,<<"/authorize">>,undefined,<<"code=141007094635WS3fvcaa&state=enter">>,[{<<"code">>,<<"141007094635WS3fvcaa">>},{<<"state">>,<<"enter">>}],[],[{<<"host">>,<<"localhost:8008">>},{<<"user-agent">>,<<"Mozilla/5.0 (Macintosh; Intel Mac OS X 10.9; rv:32.0) Gecko/20100101 Firefox/32.0">>},{<<"accept">>,<<"text/html,application/xhtml+xml,application/xml;q=0.9,*/*;q=0.8">>},{<<"accept-language">>,<<"ru-RU,ru;q=0.8,en-US;q=0.5,en;q=0.3">>},{<<"accept-encoding">>,<<"gzip, deflate">>},{<<"connection">>,<<"keep-alive">>}],[{<<"connection">>,[<<"keep-alive">>]}],undefined,[],waiting,<<>>,undefined,false,done,[],<<>>,undefined}},[{cowboy_handler,handler_handle,4,[{file,"src/cowboy_handler.erl"},{line,111}]},{cowboy_protocol,execute,4,[{file,"src/cowboy_protocol.erl"},{line,435}]}]}

2014-10-07 10:10:44.913 [error] emulator Error in process <0.10736.0> with exit value: {{try_clause,{http_req,#Port<0.15505>,ranch_tcp,keepalive,<0.10736.0>,<<3 bytes>>,'HTTP/1.1',{{127,0,0,1},58104},<<9 bytes>>,undefined,8008,<<10 bytes>>,undefined,<<37 bytes>>,[{<<4 bytes>>,<<20 bytes>>},{<<5 bytes>>,<<5 bytes>>}],[],[{<<4 bytes>>,<<14 bytes>>},{<<10 bytes>>,<<81 bytes>>},{<<6 bytes>>,<<63 bytes>>},{<<15 bytes>>,<<35 bytes>>},{<<15 bytes>>,<<13 bytes>>},{<<10 bytes>>,<<10 bytes>>}],[{<<10 bytes>>,[<<10 bytes>>]}],undefined,[],waiting,<<0 bytes>>,undefined,false,done,[],<<0 bytes>>,undefined}},[{cowboy_handler,handler_handle... 


2014-10-07 10:10:44.913 [error] <0.138.0> Ranch listener http_listener had connection process started with cowboy_protocol:start_link/4 at <0.10736.0> exit with reason: {{try_clause,{http_req,#Port<0.15505>,ranch_tcp,keepalive,<0.10736.0>,<<"GET">>,'HTTP/1.1',{{127,0,0,1},58104},<<"localhost">>,undefined,8008,<<"/authorize">>,undefined,<<"code=141007101041WS10rcaa&state=enter">>,[{<<"code">>,<<"141007101041WS10rcaa">>},{<<"state">>,<<"enter">>}],[],[{<<"host">>,<<"localhost:8008">>},{<<"user-agent">>,<<"Mozilla/5.0 (Macintosh; Intel Mac OS X 10.9; rv:32.0) Gecko/20100101 Firefox/32.0">>},{<<"accept">>,<<"text/html,application/xhtml+xml,application/xml;q=0.9,*/*;q=0.8">>},{<<"accept-language">>,<<"ru-RU,ru;q=0.8,en-US;q=0.5,en;q=0.3">>},{<<"accept-encoding">>,<<"gzip, deflate">>},{<<"connection">>,<<"keep-alive">>}],[{<<"connection">>,[<<"keep-alive">>]}],undefined,[],waiting,<<>>,undefined,false,done,[],<<>>,undefined}},[{cowboy_handler,handler_handle,4,[{file,"src/cowboy_handler.erl"},{line,111}]},{cowboy_protocol,execute,4,[{file,"src/cowboy_protocol.erl"},{line,435}]}]}

2014-10-07 10:36:39.433 [error] emulator Error in process <0.14283.0> with exit value: {{try_clause,{http_req,#Port<0.15602>,ranch_tcp,keepalive,<0.14283.0>,<<3 bytes>>,'HTTP/1.1',{{127,0,0,1},58507},<<9 bytes>>,undefined,8008,<<10 bytes>>,undefined,<<37 bytes>>,[{<<4 bytes>>,<<20 bytes>>},{<<5 bytes>>,<<5 bytes>>}],[],[{<<4 bytes>>,<<14 bytes>>},{<<10 bytes>>,<<81 bytes>>},{<<6 bytes>>,<<63 bytes>>},{<<15 bytes>>,<<35 bytes>>},{<<15 bytes>>,<<13 bytes>>},{<<10 bytes>>,<<10 bytes>>}],[{<<10 bytes>>,[<<10 bytes>>]}],undefined,[],waiting,<<0 bytes>>,undefined,false,done,[],<<0 bytes>>,undefined}},[{cowboy_handler,handler_handle... 


2014-10-07 10:36:39.433 [error] <0.138.0> Ranch listener http_listener had connection process started with cowboy_protocol:start_link/4 at <0.14283.0> exit with reason: {{try_clause,{http_req,#Port<0.15602>,ranch_tcp,keepalive,<0.14283.0>,<<"GET">>,'HTTP/1.1',{{127,0,0,1},58507},<<"localhost">>,undefined,8008,<<"/authorize">>,undefined,<<"code=141007103635WS14scaa&state=enter">>,[{<<"code">>,<<"141007103635WS14scaa">>},{<<"state">>,<<"enter">>}],[],[{<<"host">>,<<"localhost:8008">>},{<<"user-agent">>,<<"Mozilla/5.0 (Macintosh; Intel Mac OS X 10.9; rv:32.0) Gecko/20100101 Firefox/32.0">>},{<<"accept">>,<<"text/html,application/xhtml+xml,application/xml;q=0.9,*/*;q=0.8">>},{<<"accept-language">>,<<"ru-RU,ru;q=0.8,en-US;q=0.5,en;q=0.3">>},{<<"accept-encoding">>,<<"gzip, deflate">>},{<<"connection">>,<<"keep-alive">>}],[{<<"connection">>,[<<"keep-alive">>]}],undefined,[],waiting,<<>>,undefined,false,done,[],<<>>,undefined}},[{cowboy_handler,handler_handle,4,[{file,"src/cowboy_handler.erl"},{line,111}]},{cowboy_protocol,execute,4,[{file,"src/cowboy_protocol.erl"},{line,435}]}]}

2014-10-07 10:52:12.657 [error] emulator Error in process <0.16409.0> with exit value: {{try_clause,{http_req,#Port<0.15650>,ranch_tcp,keepalive,<0.16409.0>,<<3 bytes>>,'HTTP/1.1',{{127,0,0,1},58781},<<9 bytes>>,undefined,8008,<<10 bytes>>,undefined,<<37 bytes>>,[{<<4 bytes>>,<<20 bytes>>},{<<5 bytes>>,<<5 bytes>>}],[],[{<<4 bytes>>,<<14 bytes>>},{<<10 bytes>>,<<81 bytes>>},{<<6 bytes>>,<<63 bytes>>},{<<15 bytes>>,<<35 bytes>>},{<<15 bytes>>,<<13 bytes>>},{<<10 bytes>>,<<10 bytes>>}],[{<<10 bytes>>,[<<10 bytes>>]}],undefined,[],waiting,<<0 bytes>>,undefined,false,done,[],<<0 bytes>>,undefined}},[{cowboy_handler,handler_handle... 


2014-10-07 10:52:12.657 [error] <0.138.0> Ranch listener http_listener had connection process started with cowboy_protocol:start_link/4 at <0.16409.0> exit with reason: {{try_clause,{http_req,#Port<0.15650>,ranch_tcp,keepalive,<0.16409.0>,<<"GET">>,'HTTP/1.1',{{127,0,0,1},58781},<<"localhost">>,undefined,8008,<<"/authorize">>,undefined,<<"code=141007105212WS3pxcaa&state=enter">>,[{<<"code">>,<<"141007105212WS3pxcaa">>},{<<"state">>,<<"enter">>}],[],[{<<"host">>,<<"localhost:8008">>},{<<"user-agent">>,<<"Mozilla/5.0 (Macintosh; Intel Mac OS X 10.9; rv:32.0) Gecko/20100101 Firefox/32.0">>},{<<"accept">>,<<"text/html,application/xhtml+xml,application/xml;q=0.9,*/*;q=0.8">>},{<<"accept-language">>,<<"ru-RU,ru;q=0.8,en-US;q=0.5,en;q=0.3">>},{<<"accept-encoding">>,<<"gzip, deflate">>},{<<"connection">>,<<"keep-alive">>}],[{<<"connection">>,[<<"keep-alive">>]}],undefined,[],waiting,<<>>,undefined,false,done,[],<<>>,undefined}},[{cowboy_handler,handler_handle,4,[{file,"src/cowboy_handler.erl"},{line,111}]},{cowboy_protocol,execute,4,[{file,"src/cowboy_protocol.erl"},{line,435}]}]}

2014-10-07 11:31:05.830 [error] <0.114.0> /Users/Admin/Sites/consultations/webserver/src/treatment/tms.erl:72: Warning: variable 'List' is unused
/Users/Admin/Sites/consultations/webserver/src/treatment/tms.erl:0: Recompiled with 1 warnings
2014-10-07 11:56:53.696 [error] emulator Error in process <0.25335.0> with exit value: {{try_clause,{http_req,#Port<0.16066>,ranch_tcp,keepalive,<0.25335.0>,<<3 bytes>>,'HTTP/1.1',{{127,0,0,1},59786},<<9 bytes>>,undefined,8008,<<10 bytes>>,undefined,<<37 bytes>>,[{<<4 bytes>>,<<20 bytes>>},{<<5 bytes>>,<<5 bytes>>}],[],[{<<4 bytes>>,<<14 bytes>>},{<<10 bytes>>,<<81 bytes>>},{<<6 bytes>>,<<63 bytes>>},{<<15 bytes>>,<<35 bytes>>},{<<15 bytes>>,<<13 bytes>>},{<<10 bytes>>,<<10 bytes>>}],[{<<10 bytes>>,[<<10 bytes>>]}],undefined,[],waiting,<<0 bytes>>,undefined,false,done,[],<<0 bytes>>,undefined}},[{cowboy_handler,handler_handle... 


2014-10-07 11:56:53.696 [error] <0.138.0> Ranch listener http_listener had connection process started with cowboy_protocol:start_link/4 at <0.25335.0> exit with reason: {{try_clause,{http_req,#Port<0.16066>,ranch_tcp,keepalive,<0.25335.0>,<<"GET">>,'HTTP/1.1',{{127,0,0,1},59786},<<"localhost">>,undefined,8008,<<"/authorize">>,undefined,<<"code=141007115652WS2rxcaa&state=enter">>,[{<<"code">>,<<"141007115652WS2rxcaa">>},{<<"state">>,<<"enter">>}],[],[{<<"host">>,<<"localhost:8008">>},{<<"user-agent">>,<<"Mozilla/5.0 (Macintosh; Intel Mac OS X 10.9; rv:32.0) Gecko/20100101 Firefox/32.0">>},{<<"accept">>,<<"text/html,application/xhtml+xml,application/xml;q=0.9,*/*;q=0.8">>},{<<"accept-language">>,<<"ru-RU,ru;q=0.8,en-US;q=0.5,en;q=0.3">>},{<<"accept-encoding">>,<<"gzip, deflate">>},{<<"connection">>,<<"keep-alive">>}],[{<<"connection">>,[<<"keep-alive">>]}],undefined,[],waiting,<<>>,undefined,false,done,[],<<>>,undefined}},[{cowboy_handler,handler_handle,4,[{file,"src/cowboy_handler.erl"},{line,111}]},{cowboy_protocol,execute,4,[{file,"src/cowboy_protocol.erl"},{line,435}]}]}

2014-10-07 12:11:57.056 [error] <0.114.0> /Users/Admin/Sites/consultations/webserver/src/treatment/tms.erl:72: Warning: variable 'List' is unused
/Users/Admin/Sites/consultations/webserver/src/treatment/tms.erl:0: Recompiled with 1 warnings
2014-10-07 12:12:02.191 [error] <0.114.0> /Users/Admin/Sites/consultations/webserver/src/treatment/tms.erl:72: Warning: variable 'List' is unused
/Users/Admin/Sites/consultations/webserver/src/treatment/tms.erl:0: Recompiled with 1 warnings
2014-10-07 12:15:37.016 [error] <0.114.0> /Users/Admin/Sites/consultations/webserver/src/treatment/tm_module.erl:34: Warning: this clause cannot match because a previous clause at line 27 always matches
/Users/Admin/Sites/consultations/webserver/src/treatment/tm_module.erl:0: Recompiled with 1 warnings
2014-10-07 12:16:36.532 [error] <0.114.0> /Users/Admin/Sites/consultations/webserver/src/treatment/tm_module.erl:34: Warning: this clause cannot match because a previous clause at line 27 always matches
/Users/Admin/Sites/consultations/webserver/src/treatment/tm_module.erl:0: Recompiled with 1 warnings
2014-10-07 12:16:39.478 [error]  tm_module:60(): TAG function_clause

2014-10-07 12:16:39.986 [error]  tm_module:60(): TAG function_clause

2014-10-07 12:16:46.654 [error] <0.114.0> /Users/Admin/Sites/consultations/webserver/src/treatment/tm_module.erl:34: Warning: this clause cannot match because a previous clause at line 27 always matches
/Users/Admin/Sites/consultations/webserver/src/treatment/tm_module.erl:46: Warning: variable 'ID' is unused
/Users/Admin/Sites/consultations/webserver/src/treatment/tm_module.erl:0: Recompiled with 1 warnings
2014-10-07 12:16:47.260 [error]  tm_module:60(): TAG function_clause

2014-10-07 12:16:49.190 [error]  tm_module:60(): TAG function_clause

2014-10-07 12:16:50.725 [error]  tm_module:60(): TAG function_clause

2014-10-07 12:16:55.781 [error] <0.114.0> /Users/Admin/Sites/consultations/webserver/src/treatment/tm_module.erl:34: Warning: this clause cannot match because a previous clause at line 27 always matches
/Users/Admin/Sites/consultations/webserver/src/treatment/tm_module.erl:45: Warning: variable 'H2' is unused
/Users/Admin/Sites/consultations/webserver/src/treatment/tm_module.erl:0: Recompiled with 1 warnings
2014-10-07 12:17:16.028 [error] <0.114.0> /Users/Admin/Sites/consultations/webserver/src/treatment/tm_module.erl:34: Warning: this clause cannot match because a previous clause at line 27 always matches
/Users/Admin/Sites/consultations/webserver/src/treatment/tm_module.erl:0: Recompiled with 1 warnings
2014-10-07 12:19:22.174 [error] <0.114.0> /Users/Admin/Sites/consultations/webserver/src/treatment/tm_module.erl:34: Warning: this clause cannot match because a previous clause at line 27 always matches
/Users/Admin/Sites/consultations/webserver/src/treatment/tm_module.erl:46: Warning: variable 'KEY' is unused
/Users/Admin/Sites/consultations/webserver/src/treatment/tm_module.erl:46: Warning: variable 'VAL' is unused
/Users/Admin/Sites/consultations/webserver/src/treatment/tm_module.erl:0: Recompiled with 1 warnings
2014-10-07 12:19:55.538 [error] <0.114.0> /Users/Admin/Sites/consultations/webserver/src/treatment/tm_module.erl:34: Warning: this clause cannot match because a previous clause at line 27 always matches
/Users/Admin/Sites/consultations/webserver/src/treatment/tm_module.erl:0: Recompiled with 1 warnings
2014-10-07 12:20:23.819 [error] <0.114.0> /Users/Admin/Sites/consultations/webserver/src/treatment/tm_module.erl:34: Warning: this clause cannot match because a previous clause at line 27 always matches
/Users/Admin/Sites/consultations/webserver/src/treatment/tm_module.erl:0: Recompiled with 1 warnings
2014-10-07 12:20:46.048 [error] <0.114.0> /Users/Admin/Sites/consultations/webserver/src/treatment/tm_module.erl:34: Warning: this clause cannot match because a previous clause at line 27 always matches
/Users/Admin/Sites/consultations/webserver/src/treatment/tm_module.erl:46: Warning: variable 'KEY' is unused
/Users/Admin/Sites/consultations/webserver/src/treatment/tm_module.erl:0: Recompiled with 1 warnings
2014-10-07 12:20:52.147 [error] <0.114.0> /Users/Admin/Sites/consultations/webserver/src/treatment/tm_module.erl:34: Warning: this clause cannot match because a previous clause at line 27 always matches
/Users/Admin/Sites/consultations/webserver/src/treatment/tm_module.erl:0: Recompiled with 1 warnings
2014-10-07 12:22:23.954 [error] <0.114.0> /Users/Admin/Sites/consultations/webserver/src/treatment/tm_module.erl:34: Warning: this clause cannot match because a previous clause at line 27 always matches
/Users/Admin/Sites/consultations/webserver/src/treatment/tm_module.erl:47: Warning: variable 'Au' is unused
/Users/Admin/Sites/consultations/webserver/src/treatment/tm_module.erl:0: Recompiled with 1 warnings
2014-10-07 12:22:57.281 [error] <0.114.0> /Users/Admin/Sites/consultations/webserver/src/treatment/tm_module.erl:34: Warning: this clause cannot match because a previous clause at line 27 always matches
/Users/Admin/Sites/consultations/webserver/src/treatment/tm_module.erl:0: Recompiled with 1 warnings
2014-10-07 12:27:23.651 [error] <0.114.0> /Users/Admin/Sites/consultations/webserver/src/treatment/tm_module.erl:34: Warning: this clause cannot match because a previous clause at line 27 always matches
/Users/Admin/Sites/consultations/webserver/src/treatment/tm_module.erl:0: Recompiled with 1 warnings
2014-10-07 12:28:41.480 [error] <0.114.0> /Users/Admin/Sites/consultations/webserver/src/treatment/tms.erl:72: Warning: variable 'List' is unused
/Users/Admin/Sites/consultations/webserver/src/treatment/tms.erl:0: Recompiled with 1 warnings
2014-10-07 12:29:32.958 [error] <0.114.0> /Users/Admin/Sites/consultations/webserver/src/treatment/tms.erl:72: Warning: variable 'List' is unused
/Users/Admin/Sites/consultations/webserver/src/treatment/tms.erl:0: Recompiled with 1 warnings
2014-10-07 12:30:24.425 [error] <0.114.0> /Users/Admin/Sites/consultations/webserver/src/treatment/tms.erl:73: Warning: variable 'List' is unused
/Users/Admin/Sites/consultations/webserver/src/treatment/tms.erl:0: Recompiled with 1 warnings
2014-10-07 12:31:42.234 [error] <0.114.0> /Users/Admin/Sites/consultations/webserver/src/conveyor/api_response_handler.erl:36: Warning: variable 'LGH' is unused
/Users/Admin/Sites/consultations/webserver/src/conveyor/api_response_handler.erl:0: Recompiled with 1 warnings
2014-10-07 12:31:42.253 [error] <0.114.0> /Users/Admin/Sites/consultations/webserver/src/treatment/tms.erl:76: Error: variable 'LGH' is unbound
2014-10-07 12:33:54.522 [error] <0.114.0> /Users/Admin/Sites/consultations/webserver/src/treatment/tms.erl:73: Warning: variable 'List' is unused
/Users/Admin/Sites/consultations/webserver/src/treatment/tms.erl:0: Recompiled with 1 warnings
2014-10-07 12:34:15.748 [error] <0.114.0> /Users/Admin/Sites/consultations/webserver/src/treatment/tms.erl:73: Warning: variable 'List' is unused
/Users/Admin/Sites/consultations/webserver/src/treatment/tms.erl:0: Recompiled with 1 warnings
2014-10-07 12:36:34.420 [error] <0.134.0> CRASH REPORT Process <0.134.0> with 0 neighbours exited with reason: {failed_to_open_socket,enetunreach} in emongo_conn:open_socket/2 line 131
2014-10-07 12:37:55.852 [error] <0.134.0> CRASH REPORT Process <0.134.0> with 0 neighbours exited with reason: {failed_to_open_socket,enetunreach} in emongo_conn:open_socket/2 line 131
2014-10-07 13:10:13.055 [error] emulator Error in process <0.948.0> with exit value: {{try_clause,{http_req,#Port<0.11281>,ranch_tcp,keepalive,<0.948.0>,<<3 bytes>>,'HTTP/1.1',{{127,0,0,1},60999},<<9 bytes>>,undefined,8008,<<10 bytes>>,undefined,<<37 bytes>>,[{<<4 bytes>>,<<20 bytes>>},{<<5 bytes>>,<<5 bytes>>}],[],[{<<4 bytes>>,<<14 bytes>>},{<<10 bytes>>,<<81 bytes>>},{<<6 bytes>>,<<63 bytes>>},{<<15 bytes>>,<<35 bytes>>},{<<15 bytes>>,<<13 bytes>>},{<<10 bytes>>,<<10 bytes>>}],[{<<10 bytes>>,[<<10 bytes>>]}],undefined,[],waiting,<<0 bytes>>,undefined,false,done,[],<<0 bytes>>,undefined}},[{cowboy_handler,handler_handle... 


2014-10-07 13:10:13.056 [error] <0.138.0> Ranch listener http_listener had connection process started with cowboy_protocol:start_link/4 at <0.948.0> exit with reason: {{try_clause,{http_req,#Port<0.11281>,ranch_tcp,keepalive,<0.948.0>,<<"GET">>,'HTTP/1.1',{{127,0,0,1},60999},<<"localhost">>,undefined,8008,<<"/authorize">>,undefined,<<"code=141007131008WS1gycaa&state=enter">>,[{<<"code">>,<<"141007131008WS1gycaa">>},{<<"state">>,<<"enter">>}],[],[{<<"host">>,<<"localhost:8008">>},{<<"user-agent">>,<<"Mozilla/5.0 (Macintosh; Intel Mac OS X 10.9; rv:32.0) Gecko/20100101 Firefox/32.0">>},{<<"accept">>,<<"text/html,application/xhtml+xml,application/xml;q=0.9,*/*;q=0.8">>},{<<"accept-language">>,<<"ru-RU,ru;q=0.8,en-US;q=0.5,en;q=0.3">>},{<<"accept-encoding">>,<<"gzip, deflate">>},{<<"connection">>,<<"keep-alive">>}],[{<<"connection">>,[<<"keep-alive">>]}],undefined,[],waiting,<<>>,undefined,false,done,[],<<>>,undefined}},[{cowboy_handler,handler_handle,4,[{file,"src/cowboy_handler.erl"},{line,111}]},{cowboy_protocol,execute,4,[{file,"src/cowboy_protocol.erl"},{line,435}]}]}

2014-10-07 13:10:16.664 [error] <0.122.0> gen_server emongo terminated with reason: bad record pool in emongo:handle_call/3 line 369
2014-10-07 13:10:16.664 [error]  tm_module:59(): TAG {{{badrecord,pool},[{emongo,handle_call,3,[{file,"src/emongo.erl"},{line,369}]},{gen_server,handle_msg,5,[{file,"gen_server.erl"},{line,585}]},{proc_lib,init_p_do_apply,3,[{file,"proc_lib.erl"},{line,239}]}]},{gen_server,call,[emongo,{pid,model},infinity]}}

2014-10-07 13:10:16.664 [error] <0.122.0> CRASH REPORT Process emongo with 0 neighbours exited with reason: bad record pool in emongo:handle_call/3 line 369 in gen_server:terminate/6 line 744
2014-10-07 13:10:16.665 [error] <0.121.0> Supervisor emongo_app had child emongo started with emongo:start_link() at <0.122.0> exit with reason bad record pool in emongo:handle_call/3 line 369 in context child_terminated
2014-10-07 13:10:24.145 [error]  tm_module:59(): TAG {badrecord,pool}

2014-10-07 13:10:49.787 [error] <0.114.0> /Users/Admin/Sites/consultations/webserver/src/treatment/tms.erl:71: Warning: variable 'List' is unused
/Users/Admin/Sites/consultations/webserver/src/treatment/tms.erl:0: Recompiled with 1 warnings
2014-10-07 13:25:48.060 [error] <0.114.0> /Users/Admin/Sites/consultations/webserver/src/conveyor/api_response_handler.erl:13: Error: function handle/2 undefined
/Users/Admin/Sites/consultations/webserver/src/conveyor/api_response_handler.erl:41: Error: syntax error before: '{'
2014-10-07 13:27:04.797 [error] <0.114.0> /Users/Admin/Sites/consultations/webserver/src/treatment/tms.erl:72: Warning: variable 'List' is unused
/Users/Admin/Sites/consultations/webserver/src/treatment/tms.erl:0: Recompiled with 1 warnings
2014-10-07 13:27:08.847 [error] <0.114.0> /Users/Admin/Sites/consultations/webserver/src/treatment/tms.erl:72: Warning: variable 'List' is unused
/Users/Admin/Sites/consultations/webserver/src/treatment/tms.erl:73: Error: variable 'Data' is unbound
2014-10-07 13:32:04.278 [error] emulator Error in process <0.1071.0> with exit value: {[{reason,function_clause},{mfa,{auth_handler,handle,2}},{stacktrace,[{auth_handler,getResponse,[undefined],[{file,"src/auth/auth_handler.erl"},{line,69}]},{auth_handler,handle,2,[{file,"src/auth/auth_handler.erl"},{line... 


2014-10-07 13:32:04.279 [error] <0.138.0> Ranch listener http_listener had connection process started with cowboy_protocol:start_link/4 at <0.1071.0> exit with reason: {[{reason,function_clause},{mfa,{auth_handler,handle,2}},{stacktrace,[{auth_handler,getResponse,[undefined],[{file,"src/auth/auth_handler.erl"},{line,69}]},{auth_handler,handle,2,[{file,"src/auth/auth_handler.erl"},{line,34}]},{cowboy_handler,handler_handle,4,[{file,"src/cowboy_handler.erl"},{line,111}]},{cowboy_protocol,execute,4,[{file,"src/cowboy_protocol.erl"},{line,435}]}]},{req,[{socket,#Port<0.11802>},{transport,ranch_tcp},{connection,keepalive},{pid,<0.1071.0>},{method,<<"GET">>},{version,'HTTP/1.1'},{peer,{{127,0,0,1},61242}},{host,<<"localhost">>},{host_info,undefined},{port,8008},{path,<<"/authorize">>},{path_info,undefined},{qs,<<>>},{qs_vals,undefined},{bindings,[]},{headers,[{<<"host">>,<<"localhost:8008">>},{<<"user-agent">>,<<"Mozilla/5.0 (Macintosh; Intel Mac OS X 10.9; rv:32.0) Gecko/20100101 Firefox/32.0">>},{<<"accept">>,<<"text/html,application/xhtml+xml,application/xml;q=0.9,*/*;q=0.8">>},{<<"accept-language">>,<<"ru-RU,ru;q=0.8,en-US;q=0.5,en;q=0.3">>},{<<"accept-encoding">>,<<"gzip, deflate">>},{<<"connection">>,<<"keep-alive">>}]},{p_headers,[{<<"connection">>,[<<"keep-alive">>]}]},{cookies,undefined},{meta,[]},{body_state,waiting},{buffer,<<>>},{multipart,undefined},{resp_compress,false},{resp_state,waiting},{resp_headers,[]},{resp_body,<<>>},{onresponse,undefined}]},{state,undefined_state}],[{cowboy_protocol,execute,4,[{file,"src/cowboy_protocol.erl"},{line,435}]}]}

2014-10-07 13:32:06.531 [error] emulator Error in process <0.1078.0> with exit value: {[{reason,function_clause},{mfa,{auth_handler,handle,2}},{stacktrace,[{auth_handler,getResponse,[undefined],[{file,"src/auth/auth_handler.erl"},{line,69}]},{auth_handler,handle,2,[{file,"src/auth/auth_handler.erl"},{line... 


2014-10-07 13:32:06.532 [error] <0.138.0> Ranch listener http_listener had connection process started with cowboy_protocol:start_link/4 at <0.1078.0> exit with reason: {[{reason,function_clause},{mfa,{auth_handler,handle,2}},{stacktrace,[{auth_handler,getResponse,[undefined],[{file,"src/auth/auth_handler.erl"},{line,69}]},{auth_handler,handle,2,[{file,"src/auth/auth_handler.erl"},{line,34}]},{cowboy_handler,handler_handle,4,[{file,"src/cowboy_handler.erl"},{line,111}]},{cowboy_protocol,execute,4,[{file,"src/cowboy_protocol.erl"},{line,435}]}]},{req,[{socket,#Port<0.11871>},{transport,ranch_tcp},{connection,keepalive},{pid,<0.1078.0>},{method,<<"GET">>},{version,'HTTP/1.1'},{peer,{{127,0,0,1},61243}},{host,<<"localhost">>},{host_info,undefined},{port,8008},{path,<<"/authorize">>},{path_info,undefined},{qs,<<>>},{qs_vals,undefined},{bindings,[]},{headers,[{<<"host">>,<<"localhost:8008">>},{<<"user-agent">>,<<"Mozilla/5.0 (Macintosh; Intel Mac OS X 10.9; rv:32.0) Gecko/20100101 Firefox/32.0">>},{<<"accept">>,<<"text/html,application/xhtml+xml,application/xml;q=0.9,*/*;q=0.8">>},{<<"accept-language">>,<<"ru-RU,ru;q=0.8,en-US;q=0.5,en;q=0.3">>},{<<"accept-encoding">>,<<"gzip, deflate">>},{<<"connection">>,<<"keep-alive">>},{<<"cache-control">>,<<"max-age=0">>}]},{p_headers,[{<<"connection">>,[<<"keep-alive">>]}]},{cookies,undefined},{meta,[]},{body_state,waiting},{buffer,<<>>},{multipart,undefined},{resp_compress,false},{resp_state,waiting},{resp_headers,[]},{resp_body,<<>>},{onresponse,undefined}]},{state,undefined_state}],[{cowboy_protocol,execute,4,[{file,"src/cowboy_protocol.erl"},{line,435}]}]}

2014-10-07 13:32:07.705 [error] emulator Error in process <0.1081.0> with exit value: {[{reason,function_clause},{mfa,{auth_handler,handle,2}},{stacktrace,[{auth_handler,getResponse,[undefined],[{file,"src/auth/auth_handler.erl"},{line,69}]},{auth_handler,handle,2,[{file,"src/auth/auth_handler.erl"},{line... 


2014-10-07 13:32:07.706 [error] <0.138.0> Ranch listener http_listener had connection process started with cowboy_protocol:start_link/4 at <0.1081.0> exit with reason: {[{reason,function_clause},{mfa,{auth_handler,handle,2}},{stacktrace,[{auth_handler,getResponse,[undefined],[{file,"src/auth/auth_handler.erl"},{line,69}]},{auth_handler,handle,2,[{file,"src/auth/auth_handler.erl"},{line,34}]},{cowboy_handler,handler_handle,4,[{file,"src/cowboy_handler.erl"},{line,111}]},{cowboy_protocol,execute,4,[{file,"src/cowboy_protocol.erl"},{line,435}]}]},{req,[{socket,#Port<0.11872>},{transport,ranch_tcp},{connection,keepalive},{pid,<0.1081.0>},{method,<<"GET">>},{version,'HTTP/1.1'},{peer,{{127,0,0,1},61244}},{host,<<"localhost">>},{host_info,undefined},{port,8008},{path,<<"/authorize">>},{path_info,undefined},{qs,<<>>},{qs_vals,undefined},{bindings,[]},{headers,[{<<"host">>,<<"localhost:8008">>},{<<"user-agent">>,<<"Mozilla/5.0 (Macintosh; Intel Mac OS X 10.9; rv:32.0) Gecko/20100101 Firefox/32.0">>},{<<"accept">>,<<"text/html,application/xhtml+xml,application/xml;q=0.9,*/*;q=0.8">>},{<<"accept-language">>,<<"ru-RU,ru;q=0.8,en-US;q=0.5,en;q=0.3">>},{<<"accept-encoding">>,<<"gzip, deflate">>},{<<"connection">>,<<"keep-alive">>},{<<"cache-control">>,<<"max-age=0">>}]},{p_headers,[{<<"connection">>,[<<"keep-alive">>]}]},{cookies,undefined},{meta,[]},{body_state,waiting},{buffer,<<>>},{multipart,undefined},{resp_compress,false},{resp_state,waiting},{resp_headers,[]},{resp_body,<<>>},{onresponse,undefined}]},{state,undefined_state}],[{cowboy_protocol,execute,4,[{file,"src/cowboy_protocol.erl"},{line,435}]}]}

2014-10-07 13:32:07.984 [error] emulator Error in process <0.1083.0> with exit value: {[{reason,function_clause},{mfa,{auth_handler,handle,2}},{stacktrace,[{auth_handler,getResponse,[undefined],[{file,"src/auth/auth_handler.erl"},{line,69}]},{auth_handler,handle,2,[{file,"src/auth/auth_handler.erl"},{line... 


2014-10-07 13:32:07.985 [error] <0.138.0> Ranch listener http_listener had connection process started with cowboy_protocol:start_link/4 at <0.1083.0> exit with reason: {[{reason,function_clause},{mfa,{auth_handler,handle,2}},{stacktrace,[{auth_handler,getResponse,[undefined],[{file,"src/auth/auth_handler.erl"},{line,69}]},{auth_handler,handle,2,[{file,"src/auth/auth_handler.erl"},{line,34}]},{cowboy_handler,handler_handle,4,[{file,"src/cowboy_handler.erl"},{line,111}]},{cowboy_protocol,execute,4,[{file,"src/cowboy_protocol.erl"},{line,435}]}]},{req,[{socket,#Port<0.11873>},{transport,ranch_tcp},{connection,keepalive},{pid,<0.1083.0>},{method,<<"GET">>},{version,'HTTP/1.1'},{peer,{{127,0,0,1},61245}},{host,<<"localhost">>},{host_info,undefined},{port,8008},{path,<<"/authorize">>},{path_info,undefined},{qs,<<>>},{qs_vals,undefined},{bindings,[]},{headers,[{<<"host">>,<<"localhost:8008">>},{<<"user-agent">>,<<"Mozilla/5.0 (Macintosh; Intel Mac OS X 10.9; rv:32.0) Gecko/20100101 Firefox/32.0">>},{<<"accept">>,<<"text/html,application/xhtml+xml,application/xml;q=0.9,*/*;q=0.8">>},{<<"accept-language">>,<<"ru-RU,ru;q=0.8,en-US;q=0.5,en;q=0.3">>},{<<"accept-encoding">>,<<"gzip, deflate">>},{<<"connection">>,<<"keep-alive">>},{<<"cache-control">>,<<"max-age=0">>}]},{p_headers,[{<<"connection">>,[<<"keep-alive">>]}]},{cookies,undefined},{meta,[]},{body_state,waiting},{buffer,<<>>},{multipart,undefined},{resp_compress,false},{resp_state,waiting},{resp_headers,[]},{resp_body,<<>>},{onresponse,undefined}]},{state,undefined_state}],[{cowboy_protocol,execute,4,[{file,"src/cowboy_protocol.erl"},{line,435}]}]}

2014-10-07 13:32:08.561 [error] emulator Error in process <0.1086.0> with exit value: {[{reason,function_clause},{mfa,{auth_handler,handle,2}},{stacktrace,[{auth_handler,getResponse,[undefined],[{file,"src/auth/auth_handler.erl"},{line,69}]},{auth_handler,handle,2,[{file,"src/auth/auth_handler.erl"},{line... 


2014-10-07 13:32:08.562 [error] <0.138.0> Ranch listener http_listener had connection process started with cowboy_protocol:start_link/4 at <0.1086.0> exit with reason: {[{reason,function_clause},{mfa,{auth_handler,handle,2}},{stacktrace,[{auth_handler,getResponse,[undefined],[{file,"src/auth/auth_handler.erl"},{line,69}]},{auth_handler,handle,2,[{file,"src/auth/auth_handler.erl"},{line,34}]},{cowboy_handler,handler_handle,4,[{file,"src/cowboy_handler.erl"},{line,111}]},{cowboy_protocol,execute,4,[{file,"src/cowboy_protocol.erl"},{line,435}]}]},{req,[{socket,#Port<0.11874>},{transport,ranch_tcp},{connection,keepalive},{pid,<0.1086.0>},{method,<<"GET">>},{version,'HTTP/1.1'},{peer,{{127,0,0,1},61246}},{host,<<"localhost">>},{host_info,undefined},{port,8008},{path,<<"/authorize">>},{path_info,undefined},{qs,<<>>},{qs_vals,undefined},{bindings,[]},{headers,[{<<"host">>,<<"localhost:8008">>},{<<"user-agent">>,<<"Mozilla/5.0 (Macintosh; Intel Mac OS X 10.9; rv:32.0) Gecko/20100101 Firefox/32.0">>},{<<"accept">>,<<"text/html,application/xhtml+xml,application/xml;q=0.9,*/*;q=0.8">>},{<<"accept-language">>,<<"ru-RU,ru;q=0.8,en-US;q=0.5,en;q=0.3">>},{<<"accept-encoding">>,<<"gzip, deflate">>},{<<"connection">>,<<"keep-alive">>},{<<"cache-control">>,<<"max-age=0">>}]},{p_headers,[{<<"connection">>,[<<"keep-alive">>]}]},{cookies,undefined},{meta,[]},{body_state,waiting},{buffer,<<>>},{multipart,undefined},{resp_compress,false},{resp_state,waiting},{resp_headers,[]},{resp_body,<<>>},{onresponse,undefined}]},{state,undefined_state}],[{cowboy_protocol,execute,4,[{file,"src/cowboy_protocol.erl"},{line,435}]}]}

2014-10-07 13:40:43.014 [error] <0.138.0> Ranch listener http_listener had connection process started with cowboy_protocol:start_link/4 at <0.2249.0> exit with reason: {[{reason,function_clause},{mfa,{auth_handler,handle,2}},{stacktrace,[{auth_handler,getResponse,[undefined],[{file,"src/auth/auth_handler.erl"},{line,69}]},{auth_handler,handle,2,[{file,"src/auth/auth_handler.erl"},{line,34}]},{cowboy_handler,handler_handle,4,[{file,"src/cowboy_handler.erl"},{line,111}]},{cowboy_protocol,execute,4,[{file,"src/cowboy_protocol.erl"},{line,435}]}]},{req,[{socket,#Port<0.11876>},{transport,ranch_tcp},{connection,keepalive},{pid,<0.2249.0>},{method,<<"GET">>},{version,'HTTP/1.1'},{peer,{{127,0,0,1},61292}},{host,<<"localhost">>},{host_info,undefined},{port,8008},{path,<<"/authorize">>},{path_info,undefined},{qs,<<>>},{qs_vals,undefined},{bindings,[]},{headers,[{<<"host">>,<<"localhost:8008">>},{<<"user-agent">>,<<"Mozilla/5.0 (Macintosh; Intel Mac OS X 10.9; rv:32.0) Gecko/20100101 Firefox/32.0">>},{<<"accept">>,<<"text/html,application/xhtml+xml,application/xml;q=0.9,*/*;q=0.8">>},{<<"accept-language">>,<<"ru-RU,ru;q=0.8,en-US;q=0.5,en;q=0.3">>},{<<"accept-encoding">>,<<"gzip, deflate">>},{<<"connection">>,<<"keep-alive">>},{<<"cache-control">>,<<"max-age=0">>}]},{p_headers,[{<<"connection">>,[<<"keep-alive">>]}]},{cookies,undefined},{meta,[]},{body_state,waiting},{buffer,<<>>},{multipart,undefined},{resp_compress,false},{resp_state,waiting},{resp_headers,[]},{resp_body,<<>>},{onresponse,undefined}]},{state,undefined_state}],[{cowboy_protocol,execute,4,[{file,"src/cowboy_protocol.erl"},{line,435}]}]}

2014-10-07 13:40:43.014 [error] emulator Error in process <0.2249.0> with exit value: {[{reason,function_clause},{mfa,{auth_handler,handle,2}},{stacktrace,[{auth_handler,getResponse,[undefined],[{file,"src/auth/auth_handler.erl"},{line,69}]},{auth_handler,handle,2,[{file,"src/auth/auth_handler.erl"},{line... 


2014-10-07 13:44:32.803 [error]  tm_module:59(): TAG badarg

2014-10-07 13:59:02.248 [error] <0.114.0> /Users/Admin/Sites/consultations/webserver/src/treatment/tms.erl:67: Warning: variable 'Req' is unused
/Users/Admin/Sites/consultations/webserver/src/treatment/tms.erl:72: Warning: variable 'List' is unused
/Users/Admin/Sites/consultations/webserver/src/treatment/tms.erl:0: Recompiled with 1 warnings
2014-10-07 13:59:08.354 [error] <0.114.0> /Users/Admin/Sites/consultations/webserver/src/treatment/tms.erl:67: Warning: variable 'Req' is unused
/Users/Admin/Sites/consultations/webserver/src/treatment/tms.erl:72: Warning: variable 'List' is unused
/Users/Admin/Sites/consultations/webserver/src/treatment/tms.erl:0: Recompiled with 1 warnings
2014-10-07 13:59:37.719 [error] <0.114.0> /Users/Admin/Sites/consultations/webserver/src/treatment/tms.erl:67: Warning: variable 'Req' is unused
/Users/Admin/Sites/consultations/webserver/src/treatment/tms.erl:0: Recompiled with 1 warnings
2014-10-07 13:59:59.030 [error] <0.114.0> /Users/Admin/Sites/consultations/webserver/src/treatment/tms.erl:67: Warning: variable 'Req' is unused
/Users/Admin/Sites/consultations/webserver/src/treatment/tms.erl:0: Recompiled with 1 warnings
2014-10-07 14:03:43.144 [error] <0.114.0> /Users/Admin/Sites/consultations/webserver/src/treatment/tms.erl:67: Warning: variable 'Req' is unused
/Users/Admin/Sites/consultations/webserver/src/treatment/tms.erl:0: Recompiled with 1 warnings
2014-10-07 14:04:31.622 [error] <0.114.0> /Users/Admin/Sites/consultations/webserver/src/treatment/tms.erl:72: Warning: variable 'List' is unused
/Users/Admin/Sites/consultations/webserver/src/treatment/tms.erl:0: Recompiled with 1 warnings
2014-10-07 14:21:21.835 [error] <0.114.0> /Users/Admin/Sites/consultations/webserver/src/treatment/tms.erl:13: Error: function inWork/2 undefined
/Users/Admin/Sites/consultations/webserver/src/treatment/tms.erl:73: Error: syntax error before: DataIn
2014-10-07 14:21:45.464 [error]  tm_module:59(): TAG badarg

2014-10-07 14:22:15.587 [error]  tm_module:59(): TAG badarg

2014-10-07 14:22:38.996 [error]  tm_module:59(): TAG badarg

2014-10-07 14:23:18.452 [error]  tm_module:59(): TAG badarg

2014-10-07 14:24:32.795 [error] <0.114.0> /Users/Admin/Sites/consultations/webserver/src/treatment/tms.erl:13: Error: function inWork/2 undefined
/Users/Admin/Sites/consultations/webserver/src/treatment/tms.erl:71: Error: syntax error before: ets
2014-10-07 14:25:25.477 [error]  tm_module:59(): TAG badarg

2014-10-07 14:25:34.031 [error]  tm_module:59(): TAG badarg

2014-10-07 14:26:25.935 [error]  tm_module:59(): TAG badarg

2014-10-07 14:27:01.781 [error]  tm_module:59(): TAG badarg

2014-10-07 14:28:28.231 [error]  tm_module:59(): TAG badarg

2014-10-07 14:28:55.895 [error]  tm_module:59(): TAG badarg

2014-10-07 14:29:32.446 [error] <0.114.0> /Users/Admin/Sites/consultations/webserver/src/treatment/tms.erl:13: Error: function inWork/2 undefined
/Users/Admin/Sites/consultations/webserver/src/treatment/tms.erl:72: Error: syntax error before: lager
2014-10-07 14:30:40.038 [error]  tm_module:59(): TAG badarg

2014-10-07 14:31:38.679 [error]  tm_module:59(): TAG badarg

2014-10-07 14:31:55.434 [error]  tm_module:59(): TAG badarg

2014-10-07 14:34:02.933 [error]  tm_module:59(): TAG badarg

2014-10-07 14:35:16.534 [error] <0.114.0> /Users/Admin/Sites/consultations/webserver/src/treatment/tms.erl:67: Warning: variable 'Id' is unused
/Users/Admin/Sites/consultations/webserver/src/treatment/tms.erl:67: Warning: variable 'Req' is unused
/Users/Admin/Sites/consultations/webserver/src/treatment/tms.erl:71: Error: syntax error before: ':'
2014-10-07 14:35:34.895 [error] <0.114.0> /Users/Admin/Sites/consultations/webserver/src/treatment/tms.erl:13: Error: function inWork/2 undefined
/Users/Admin/Sites/consultations/webserver/src/treatment/tms.erl:70: Error: syntax error before: ets
2014-10-07 14:35:38.951 [error] <0.114.0> /Users/Admin/Sites/consultations/webserver/src/treatment/tms.erl:13: Error: function inWork/2 undefined
/Users/Admin/Sites/consultations/webserver/src/treatment/tms.erl:72: Error: syntax error before: ets
2014-10-07 14:36:36.712 [error] <0.114.0> /Users/Admin/Sites/consultations/webserver/src/treatment/tms.erl:13: Error: function inWork/2 undefined
/Users/Admin/Sites/consultations/webserver/src/treatment/tms.erl:73: Error: syntax error before: lager
2014-10-07 14:36:46.533 [error]  tm_module:59(): TAG badarg

2014-10-07 14:39:15.610 [error] <0.114.0> /Users/Admin/Sites/consultations/webserver/src/treatment/tms.erl:13: Error: function inWork/2 undefined
/Users/Admin/Sites/consultations/webserver/src/treatment/tms.erl:71: Error: syntax error before: ets
2014-10-07 14:39:22.515 [error]  tm_module:59(): TAG badarg

2014-10-07 14:41:47.974 [error] <0.114.0> /Users/Admin/Sites/consultations/webserver/src/treatment/tms.erl:76: Error: variable 'TABLE' is unbound
2014-10-07 14:42:32.389 [error] <0.114.0> /Users/Admin/Sites/consultations/webserver/src/treatment/tms.erl:13: Error: function inWork/2 undefined
/Users/Admin/Sites/consultations/webserver/src/treatment/tms.erl:77: Error: syntax error before: lager
2014-10-07 14:43:08.684 [error]  tm_module:59(): TAG badarg

2014-10-07 14:43:34.674 [error]  tm_module:59(): TAG badarg

2014-10-07 14:47:57.359 [error]  tm_module:59(): TAG {badmatch,{error,{read_error,{file_error,"foo.ets",enoent}}}}

2014-10-07 14:49:23.261 [error] <0.114.0> /Users/Admin/Sites/consultations/webserver/src/treatment/tms.erl:78: Error: function info/1 undefined
2014-10-07 14:49:36.602 [error]  tm_module:59(): TAG badarg

2014-10-07 14:49:58.705 [error] <0.114.0> /Users/Admin/Sites/consultations/webserver/src/treatment/tms.erl:75: Warning: variable 'TABLE' is unused
/Users/Admin/Sites/consultations/webserver/src/treatment/tms.erl:0: Recompiled with 1 warnings
2014-10-07 14:50:01.920 [error]  tm_module:59(): TAG badarg

2014-10-07 14:50:59.352 [error] <0.114.0> /Users/Admin/Sites/consultations/webserver/src/treatment/tms.erl:75: Warning: variable 'TABLE' is unused
/Users/Admin/Sites/consultations/webserver/src/treatment/tms.erl:0: Recompiled with 1 warnings
2014-10-07 14:51:02.883 [error]  tm_module:59(): TAG badarg

2014-10-07 14:51:52.862 [error] <0.114.0> /Users/Admin/Sites/consultations/webserver/src/treatment/tms.erl:13: Error: function inWork/2 undefined
/Users/Admin/Sites/consultations/webserver/src/treatment/tms.erl:75: Error: syntax error before: ','
2014-10-07 14:53:42.454 [error]  tm_module:59(): TAG badarg

2014-10-07 14:54:11.030 [error]  tm_module:59(): TAG badarg

2014-10-07 14:54:58.174 [error]  tm_module:59(): TAG badarg

2014-10-07 14:55:17.898 [error]  tm_module:59(): TAG badarg

2014-10-07 14:57:43.225 [error]  tm_module:59(): TAG {badmatch,[{<<"id">>,100}]}

2014-10-07 14:57:45.756 [error]  tm_module:59(): TAG {badmatch,{error,cannot_create_table}}

2014-10-07 14:57:50.778 [error]  tm_module:59(): TAG {badmatch,{error,cannot_create_table}}

2014-10-07 14:58:11.247 [error]  tm_module:59(): TAG {badmatch,[{<<"id">>,100}]}

2014-10-07 14:58:14.165 [error]  tm_module:59(): TAG badarg

2014-10-07 14:58:18.841 [error]  tm_module:59(): TAG {badmatch,{error,cannot_create_table}}

2014-10-07 14:58:37.952 [error]  tm_module:59(): TAG {badmatch,[{<<"id">>,100}]}

2014-10-07 14:58:59.078 [error]  tm_module:59(): TAG badarg

2014-10-07 14:59:21.284 [error]  tm_module:59(): TAG badarg

2014-10-07 14:59:28.719 [error]  tm_module:59(): TAG badarg

2014-10-07 14:59:31.858 [error]  tm_module:59(): TAG {badmatch,{error,cannot_create_table}}

2014-10-07 14:59:35.449 [error]  tm_module:59(): TAG {badmatch,{error,cannot_create_table}}

2014-10-07 14:59:39.030 [error]  tm_module:59(): TAG {badmatch,{error,cannot_create_table}}

2014-10-07 15:00:18.254 [error]  tm_module:59(): TAG badarg

2014-10-07 15:00:22.814 [error]  tm_module:59(): TAG badarg

2014-10-07 15:00:25.244 [error]  tm_module:59(): TAG badarg

2014-10-07 15:00:27.379 [error]  tm_module:59(): TAG badarg

2014-10-07 15:00:29.107 [error]  tm_module:59(): TAG badarg

2014-10-07 15:00:31.404 [error]  tm_module:59(): TAG badarg

2014-10-07 15:01:22.363 [error]  tm_module:59(): TAG badarg

2014-10-07 15:07:53.241 [error]  tm_module:59(): TAG badarg

2014-10-07 15:08:46.234 [error] <0.114.0> /Users/Admin/Sites/consultations/webserver/src/treatment/tms.erl:13: Error: function inWork/2 undefined
/Users/Admin/Sites/consultations/webserver/src/treatment/tms.erl:69: Error: undefined macro 'FILE_AUTO_INCREMENT'
2014-10-07 15:09:30.678 [error] <0.114.0> /Users/Admin/Sites/consultations/webserver/src/orders/orders_module.erl:27: Warning: variable 'AccessToken' is unused
/Users/Admin/Sites/consultations/webserver/src/orders/orders_module.erl:103: Warning: variable 'AccessToken' is unused
/Users/Admin/Sites/consultations/webserver/src/orders/orders_module.erl:0: Recompiled with 1 warnings
2014-10-07 15:09:30.761 [error] <0.114.0> /Users/Admin/Sites/consultations/webserver/src/treatment/tm_module.erl:34: Warning: this clause cannot match because a previous clause at line 27 always matches
/Users/Admin/Sites/consultations/webserver/src/treatment/tm_module.erl:0: Recompiled with 1 warnings
2014-10-07 15:09:30.778 [error] <0.114.0> /Users/Admin/Sites/consultations/webserver/src/treatment/tms.erl:13: Error: function inWork/2 undefined
/Users/Admin/Sites/consultations/webserver/src/treatment/tms.erl:69: Error: undefined macro 'FILE_AUTO_INCREMENT'
2014-10-07 15:09:43.962 [error] <0.114.0> /Users/Admin/Sites/consultations/webserver/src/treatment/tms.erl:13: Error: function inWork/2 undefined
/Users/Admin/Sites/consultations/webserver/src/treatment/tms.erl:69: Error: undefined macro 'FILE_AUTO_INC_ETS'
2014-10-07 15:09:49.860 [error] <0.114.0> /Users/Admin/Sites/consultations/webserver/src/orders/orders_module.erl:27: Warning: variable 'AccessToken' is unused
/Users/Admin/Sites/consultations/webserver/src/orders/orders_module.erl:103: Warning: variable 'AccessToken' is unused
/Users/Admin/Sites/consultations/webserver/src/orders/orders_module.erl:0: Recompiled with 1 warnings
2014-10-07 15:09:49.932 [error] <0.114.0> /Users/Admin/Sites/consultations/webserver/src/treatment/tm_module.erl:34: Warning: this clause cannot match because a previous clause at line 27 always matches
/Users/Admin/Sites/consultations/webserver/src/treatment/tm_module.erl:0: Recompiled with 1 warnings
2014-10-07 15:09:49.953 [error] <0.114.0> /Users/Admin/Sites/consultations/webserver/src/treatment/tms.erl:13: Error: function inWork/2 undefined
/Users/Admin/Sites/consultations/webserver/src/treatment/tms.erl:71: Error: syntax error before: 'end'
2014-10-07 15:15:04.010 [error] <0.114.0> /Users/Admin/Sites/consultations/webserver/src/treatment/tms.erl:13: Error: function inWork/2 undefined
/Users/Admin/Sites/consultations/webserver/src/treatment/tms.erl:82: Error: syntax error before: 'end'
/Users/Admin/Sites/consultations/webserver/src/treatment/tms.erl:136: Warning: function from_ets_to_file/2 is unused
2014-10-07 15:18:42.499 [error]  tm_module:59(): TAG badarg

2014-10-07 15:18:50.509 [error]  tm_module:59(): TAG badarg

2014-10-07 15:18:54.640 [error]  tm_module:59(): TAG badarg

2014-10-07 15:18:57.352 [error]  tm_module:59(): TAG badarg

2014-10-07 15:19:00.093 [error]  tm_module:59(): TAG badarg

2014-10-07 15:21:53.165 [error] <0.114.0> /Users/Admin/Sites/consultations/webserver/src/treatment/tms.erl:12: Warning: record aic_ets is unused
/Users/Admin/Sites/consultations/webserver/src/treatment/tms.erl:0: Recompiled with 1 warnings
2014-10-07 15:26:26.875 [error]  tm_module:59(): TAG badarg

2014-10-07 15:26:33.594 [error]  tm_module:59(): TAG badarg

2014-10-07 15:26:35.155 [error]  tm_module:59(): TAG badarg

2014-10-07 15:26:37.092 [error]  tm_module:59(): TAG badarg

2014-10-07 15:28:05.697 [error]  tm_module:59(): TAG badarg

2014-10-07 15:28:07.480 [error]  tm_module:59(): TAG badarg

2014-10-07 15:28:09.022 [error]  tm_module:59(): TAG badarg

2014-10-07 15:29:09.932 [error] <0.114.0> /Users/Admin/Sites/consultations/webserver/src/orders/orders_module.erl:27: Warning: variable 'AccessToken' is unused
/Users/Admin/Sites/consultations/webserver/src/orders/orders_module.erl:103: Warning: variable 'AccessToken' is unused
/Users/Admin/Sites/consultations/webserver/src/orders/orders_module.erl:0: Recompiled with 1 warnings
2014-10-07 15:29:10.012 [error] <0.114.0> /Users/Admin/Sites/consultations/webserver/src/treatment/tm_module.erl:34: Warning: this clause cannot match because a previous clause at line 27 always matches
/Users/Admin/Sites/consultations/webserver/src/treatment/tm_module.erl:0: Recompiled with 1 warnings
2014-10-07 15:29:10.037 [error] <0.114.0> /Users/Admin/Sites/consultations/webserver/src/treatment/tms.erl:12: Warning: record aic_ets is unused
/Users/Admin/Sites/consultations/webserver/src/treatment/tms.erl:20: Error: function from_ets_to_file/2 undefined
/Users/Admin/Sites/consultations/webserver/src/treatment/tms.erl:20: Error: function inWork/2 undefined
/Users/Admin/Sites/consultations/webserver/src/treatment/tms.erl:78: Error: undefined macro 'FILE_AUTO_INC_ETS'
/Users/Admin/Sites/consultations/webserver/src/treatment/tms.erl:141: Error: undefined macro 'FILE_AUTO_INC_ETS'
2014-10-07 15:29:10.121 [error] <0.114.0> /Users/Admin/Sites/consultations/webserver/src/treatment/tms.erl:12: Warning: record aic_ets is unused
/Users/Admin/Sites/consultations/webserver/src/treatment/tms.erl:20: Error: function from_ets_to_file/2 undefined
/Users/Admin/Sites/consultations/webserver/src/treatment/tms.erl:20: Error: function inWork/2 undefined
/Users/Admin/Sites/consultations/webserver/src/treatment/tms.erl:78: Error: undefined macro 'FILE_AUTO_INC_ETS'
/Users/Admin/Sites/consultations/webserver/src/treatment/tms.erl:141: Error: undefined macro 'FILE_AUTO_INC_ETS'
2014-10-07 15:29:29.387 [error] <0.114.0> /Users/Admin/Sites/consultations/webserver/src/treatment/tms.erl:77: Warning: variable 'ID' is unused
/Users/Admin/Sites/consultations/webserver/src/treatment/tms.erl:0: Recompiled with 1 warnings
2014-10-07 15:30:37.230 [error] <0.114.0> /Users/Admin/Sites/consultations/webserver/src/orders/orders_module.erl:27: Warning: variable 'AccessToken' is unused
/Users/Admin/Sites/consultations/webserver/src/orders/orders_module.erl:103: Warning: variable 'AccessToken' is unused
/Users/Admin/Sites/consultations/webserver/src/orders/orders_module.erl:0: Recompiled with 1 warnings
2014-10-07 15:30:37.308 [error] <0.114.0> /Users/Admin/Sites/consultations/webserver/src/treatment/tm_module.erl:34: Warning: this clause cannot match because a previous clause at line 27 always matches
/Users/Admin/Sites/consultations/webserver/src/treatment/tm_module.erl:0: Recompiled with 1 warnings
2014-10-07 15:30:46.647 [error] <0.114.0> /Users/Admin/Sites/consultations/webserver/src/orders/orders_module.erl:27: Warning: variable 'AccessToken' is unused
/Users/Admin/Sites/consultations/webserver/src/orders/orders_module.erl:103: Warning: variable 'AccessToken' is unused
/Users/Admin/Sites/consultations/webserver/src/orders/orders_module.erl:0: Recompiled with 1 warnings
2014-10-07 15:30:46.710 [error] <0.114.0> /Users/Admin/Sites/consultations/webserver/src/treatment/tm_module.erl:34: Warning: this clause cannot match because a previous clause at line 27 always matches
/Users/Admin/Sites/consultations/webserver/src/treatment/tm_module.erl:0: Recompiled with 1 warnings
2014-10-07 15:30:46.730 [error] <0.114.0> /Users/Admin/Sites/consultations/webserver/src/treatment/tms.erl:12: Warning: record aic_ets is unused
/Users/Admin/Sites/consultations/webserver/src/treatment/tms.erl:21: Error: function from_ets_to_file/2 undefined
/Users/Admin/Sites/consultations/webserver/src/treatment/tms.erl:21: Error: function inWork/2 undefined
/Users/Admin/Sites/consultations/webserver/src/treatment/tms.erl:79: Error: undefined macro 'FILE_AUTO_INC_ETS'
/Users/Admin/Sites/consultations/webserver/src/treatment/tms.erl:142: Error: undefined macro 'FILE_AUTO_INC_ETS'
2014-10-07 15:36:04.659 [error] <0.114.0> /Users/Admin/Sites/consultations/webserver/src/treatment/tms.erl:69: Error: record aic_ets undefined
/Users/Admin/Sites/consultations/webserver/src/treatment/tms.erl:70: Warning: variable 'ID' is unused
/Users/Admin/Sites/consultations/webserver/src/treatment/tms.erl:71: Error: record aic_ets undefined
/Users/Admin/Sites/consultations/webserver/src/treatment/tms.erl:73: Error: record aic_ets undefined
/Users/Admin/Sites/consultations/webserver/src/treatment/tms.erl:74: Error: record aic_ets undefined
/Users/Admin/Sites/consultations/webserver/src/treatment/tms.erl:75: Error: record aic_ets undefined
/Users/Admin/Sites/consultations/webserver/src/treatment/tms.erl:78: Error: record aic_ets undefined
/Users/Admin/Sites/consultations/webserver/src/treatment/tms.erl:79: Error: record aic_ets undefined
/Users/Admin/Sites/consultations/webserver/src/treatment/tms.erl:79: Error: record aic_ets undefined
/Users/Admin/Sites/consultations/webserver/src/treatment/tms.erl:131: Error: record aic_ets undefined
/Users/Admin/Sites/consultations/webserver/src/treatment/tms.erl:132: Error: record aic_ets undefined
/Users/Admin/Sites/consultations/webserver/src/treatment/tms.erl:133: Error: record aic_ets undefined
2014-10-07 15:36:18.826 [error] <0.114.0> /Users/Admin/Sites/consultations/webserver/src/conveyor/api_response_handler.erl:12: Warning: record aic_ets is unused
/Users/Admin/Sites/consultations/webserver/src/conveyor/api_response_handler.erl:0: Recompiled with 1 warnings
2014-10-07 15:37:04.290 [error] <0.114.0> /Users/Admin/Sites/consultations/webserver/src/treatment/tms.erl:118: Error: record aic_ets undefined
/Users/Admin/Sites/consultations/webserver/src/treatment/tms.erl:119: Error: record aic_ets undefined
/Users/Admin/Sites/consultations/webserver/src/treatment/tms.erl:120: Error: record aic_ets undefined
2014-10-07 15:37:15.453 [error] <0.114.0> /Users/Admin/Sites/consultations/webserver/src/conveyor/api_response_handler.erl:33: Warning: variable 'ID' is unused
/Users/Admin/Sites/consultations/webserver/src/conveyor/api_response_handler.erl:38: Error: function from_ets_to_file/2 undefined
/Users/Admin/Sites/consultations/webserver/src/conveyor/api_response_handler.erl:42: Error: function from_ets_to_file/2 undefined
2014-10-07 15:37:21.529 [error] <0.114.0> /Users/Admin/Sites/consultations/webserver/src/treatment/tms.erl:13: Error: function from_ets_to_file/2 undefined
2014-10-07 15:37:22.556 [error] <0.114.0> /Users/Admin/Sites/consultations/webserver/src/treatment/tms.erl:13: Error: function from_ets_to_file/2 undefined
2014-10-07 15:37:28.643 [error] <0.114.0> /Users/Admin/Sites/consultations/webserver/src/conveyor/api_response_handler.erl:33: Warning: variable 'ID' is unused
/Users/Admin/Sites/consultations/webserver/src/conveyor/api_response_handler.erl:0: Recompiled with 1 warnings
2014-10-07 15:38:39.283 [error] <0.114.0> /Users/Admin/Sites/consultations/webserver/src/conveyor/api_response_handler.erl:35: Warning: variable 'ID' is unused
/Users/Admin/Sites/consultations/webserver/src/conveyor/api_response_handler.erl:0: Recompiled with 1 warnings
2014-10-07 15:39:46.973 [error] <0.114.0> /Users/Admin/Sites/consultations/webserver/src/treatment/tms.erl:13: Error: function from_ets_to_file/2 undefined
/Users/Admin/Sites/consultations/webserver/src/treatment/tms.erl:72: Warning: variable 'List' is unused
2014-10-07 15:45:41.744 [error] emulator Error in process <0.265.0> with exit value: {{try_clause,{http_req,#Port<0.10853>,ranch_tcp,keepalive,<0.265.0>,<<3 bytes>>,'HTTP/1.1',{{127,0,0,1},64223},<<9 bytes>>,undefined,8008,<<10 bytes>>,undefined,<<37 bytes>>,[{<<4 bytes>>,<<20 bytes>>},{<<5 bytes>>,<<5 bytes>>}],[],[{<<4 bytes>>,<<14 bytes>>},{<<10 bytes>>,<<81 bytes>>},{<<6 bytes>>,<<63 bytes>>},{<<15 bytes>>,<<35 bytes>>},{<<15 bytes>>,<<13 bytes>>},{<<10 bytes>>,<<10 bytes>>}],[{<<10 bytes>>,[<<10 bytes>>]}],undefined,[],waiting,<<0 bytes>>,undefined,false,done,[],<<0 bytes>>,undefined}},[{cowboy_handler,handler_handle... 


2014-10-07 15:45:41.745 [error] <0.138.0> Ranch listener http_listener had connection process started with cowboy_protocol:start_link/4 at <0.265.0> exit with reason: {{try_clause,{http_req,#Port<0.10853>,ranch_tcp,keepalive,<0.265.0>,<<"GET">>,'HTTP/1.1',{{127,0,0,1},64223},<<"localhost">>,undefined,8008,<<"/authorize">>,undefined,<<"code=141007154541WS3f9caa&state=enter">>,[{<<"code">>,<<"141007154541WS3f9caa">>},{<<"state">>,<<"enter">>}],[],[{<<"host">>,<<"localhost:8008">>},{<<"user-agent">>,<<"Mozilla/5.0 (Macintosh; Intel Mac OS X 10.9; rv:32.0) Gecko/20100101 Firefox/32.0">>},{<<"accept">>,<<"text/html,application/xhtml+xml,application/xml;q=0.9,*/*;q=0.8">>},{<<"accept-language">>,<<"ru-RU,ru;q=0.8,en-US;q=0.5,en;q=0.3">>},{<<"accept-encoding">>,<<"gzip, deflate">>},{<<"connection">>,<<"keep-alive">>}],[{<<"connection">>,[<<"keep-alive">>]}],undefined,[],waiting,<<>>,undefined,false,done,[],<<>>,undefined}},[{cowboy_handler,handler_handle,4,[{file,"src/cowboy_handler.erl"},{line,111}]},{cowboy_protocol,execute,4,[{file,"src/cowboy_protocol.erl"},{line,435}]}]}

2014-10-07 16:10:08.746 [error] emulator Error in process <0.738.0> with exit value: {{try_clause,{http_req,#Port<0.11801>,ranch_tcp,keepalive,<0.738.0>,<<3 bytes>>,'HTTP/1.1',{{127,0,0,1},64938},<<9 bytes>>,undefined,8008,<<10 bytes>>,undefined,<<37 bytes>>,[{<<4 bytes>>,<<20 bytes>>},{<<5 bytes>>,<<5 bytes>>}],[],[{<<4 bytes>>,<<14 bytes>>},{<<10 bytes>>,<<81 bytes>>},{<<6 bytes>>,<<63 bytes>>},{<<15 bytes>>,<<35 bytes>>},{<<15 bytes>>,<<13 bytes>>},{<<10 bytes>>,<<10 bytes>>}],[{<<10 bytes>>,[<<10 bytes>>]}],undefined,[],waiting,<<0 bytes>>,undefined,false,done,[],<<0 bytes>>,undefined}},[{cowboy_handler,handler_handle... 


2014-10-07 16:10:08.747 [error] <0.138.0> Ranch listener http_listener had connection process started with cowboy_protocol:start_link/4 at <0.738.0> exit with reason: {{try_clause,{http_req,#Port<0.11801>,ranch_tcp,keepalive,<0.738.0>,<<"GET">>,'HTTP/1.1',{{127,0,0,1},64938},<<"localhost">>,undefined,8008,<<"/authorize">>,undefined,<<"code=141007161008WS2b8caa&state=enter">>,[{<<"code">>,<<"141007161008WS2b8caa">>},{<<"state">>,<<"enter">>}],[],[{<<"host">>,<<"localhost:8008">>},{<<"user-agent">>,<<"Mozilla/5.0 (Macintosh; Intel Mac OS X 10.9; rv:32.0) Gecko/20100101 Firefox/32.0">>},{<<"accept">>,<<"text/html,application/xhtml+xml,application/xml;q=0.9,*/*;q=0.8">>},{<<"accept-language">>,<<"ru-RU,ru;q=0.8,en-US;q=0.5,en;q=0.3">>},{<<"accept-encoding">>,<<"gzip, deflate">>},{<<"connection">>,<<"keep-alive">>}],[{<<"connection">>,[<<"keep-alive">>]}],undefined,[],waiting,<<>>,undefined,false,done,[],<<>>,undefined}},[{cowboy_handler,handler_handle,4,[{file,"src/cowboy_handler.erl"},{line,111}]},{cowboy_protocol,execute,4,[{file,"src/cowboy_protocol.erl"},{line,435}]}]}

2014-10-07 16:18:27.424 [error]  tm_module:59(): TAG badarg

2014-10-07 16:18:40.301 [error]  tm_module:59(): TAG badarg

2014-10-07 16:18:58.549 [error] <0.114.0> /Users/Admin/Sites/consultations/webserver/src/treatment/tms.erl:67: Warning: variable 'Id' is unused
/Users/Admin/Sites/consultations/webserver/src/treatment/tms.erl:72: Warning: variable 'List' is unused
/Users/Admin/Sites/consultations/webserver/src/treatment/tms.erl:0: Recompiled with 1 warnings
2014-10-07 16:19:19.798 [error] <0.114.0> /Users/Admin/Sites/consultations/webserver/src/treatment/tms.erl:67: Warning: variable 'Id' is unused
/Users/Admin/Sites/consultations/webserver/src/treatment/tms.erl:72: Warning: variable 'List' is unused
/Users/Admin/Sites/consultations/webserver/src/treatment/tms.erl:0: Recompiled with 1 warnings
2014-10-07 16:19:44.064 [error] <0.114.0> /Users/Admin/Sites/consultations/webserver/src/treatment/tms.erl:67: Warning: variable 'Id' is unused
/Users/Admin/Sites/consultations/webserver/src/treatment/tms.erl:72: Warning: variable 'List' is unused
/Users/Admin/Sites/consultations/webserver/src/treatment/tms.erl:0: Recompiled with 1 warnings
2014-10-07 16:20:01.260 [error] <0.114.0> /Users/Admin/Sites/consultations/webserver/src/treatment/tms.erl:67: Warning: variable 'Id' is unused
/Users/Admin/Sites/consultations/webserver/src/treatment/tms.erl:72: Warning: variable 'List' is unused
/Users/Admin/Sites/consultations/webserver/src/treatment/tms.erl:0: Recompiled with 1 warnings
2014-10-07 16:20:13.417 [error] <0.114.0> /Users/Admin/Sites/consultations/webserver/src/treatment/tms.erl:72: Warning: variable 'List' is unused
/Users/Admin/Sites/consultations/webserver/src/treatment/tms.erl:0: Recompiled with 1 warnings
2014-10-07 16:20:34.850 [error] <0.114.0> /Users/Admin/Sites/consultations/webserver/src/treatment/tms.erl:72: Warning: variable 'List' is unused
/Users/Admin/Sites/consultations/webserver/src/treatment/tms.erl:0: Recompiled with 1 warnings
2014-10-07 16:20:42.977 [error] <0.114.0> /Users/Admin/Sites/consultations/webserver/src/treatment/tms.erl:72: Warning: variable 'List' is unused
/Users/Admin/Sites/consultations/webserver/src/treatment/tms.erl:0: Recompiled with 1 warnings
2014-10-07 16:31:58.398 [error]  tm_module:59(): TAG badarg

2014-10-07 16:32:47.959 [error] <0.114.0> /Users/Admin/Sites/consultations/webserver/src/treatment/tms.erl:91: Warning: variable 'BILL' is unused
/Users/Admin/Sites/consultations/webserver/src/treatment/tms.erl:97: Warning: variable 'Email' is unused
/Users/Admin/Sites/consultations/webserver/src/treatment/tms.erl:0: Recompiled with 1 warnings
2014-10-07 16:32:55.747 [error]  tm_module:59(): TAG badarg

2014-10-07 17:01:06.856 [error] emulator Error in process <0.1187.0> with exit value: {{try_clause,{http_req,#Port<0.11116>,ranch_tcp,keepalive,<0.1187.0>,<<3 bytes>>,'HTTP/1.1',{{127,0,0,1},50399},<<9 bytes>>,undefined,8008,<<10 bytes>>,undefined,<<37 bytes>>,[{<<4 bytes>>,<<20 bytes>>},{<<5 bytes>>,<<5 bytes>>}],[],[{<<4 bytes>>,<<14 bytes>>},{<<10 bytes>>,<<81 bytes>>},{<<6 bytes>>,<<63 bytes>>},{<<15 bytes>>,<<35 bytes>>},{<<15 bytes>>,<<13 bytes>>},{<<10 bytes>>,<<10 bytes>>}],[{<<10 bytes>>,[<<10 bytes>>]}],undefined,[],waiting,<<0 bytes>>,undefined,false,done,[],<<0 bytes>>,undefined}},[{cowboy_handler,handler_handle... 


2014-10-07 17:01:06.857 [error] <0.138.0> Ranch listener http_listener had connection process started with cowboy_protocol:start_link/4 at <0.1187.0> exit with reason: {{try_clause,{http_req,#Port<0.11116>,ranch_tcp,keepalive,<0.1187.0>,<<"GET">>,'HTTP/1.1',{{127,0,0,1},50399},<<"localhost">>,undefined,8008,<<"/authorize">>,undefined,<<"code=141007170102WS1l7caa&state=enter">>,[{<<"code">>,<<"141007170102WS1l7caa">>},{<<"state">>,<<"enter">>}],[],[{<<"host">>,<<"localhost:8008">>},{<<"user-agent">>,<<"Mozilla/5.0 (Macintosh; Intel Mac OS X 10.9; rv:32.0) Gecko/20100101 Firefox/32.0">>},{<<"accept">>,<<"text/html,application/xhtml+xml,application/xml;q=0.9,*/*;q=0.8">>},{<<"accept-language">>,<<"ru-RU,ru;q=0.8,en-US;q=0.5,en;q=0.3">>},{<<"accept-encoding">>,<<"gzip, deflate">>},{<<"connection">>,<<"keep-alive">>}],[{<<"connection">>,[<<"keep-alive">>]}],undefined,[],waiting,<<>>,undefined,false,done,[],<<>>,undefined}},[{cowboy_handler,handler_handle,4,[{file,"src/cowboy_handler.erl"},{line,111}]},{cowboy_protocol,execute,4,[{file,"src/cowboy_protocol.erl"},{line,435}]}]}

2014-10-07 17:09:59.840 [error] <0.114.0> /Users/Admin/Sites/consultations/webserver/src/treatment/tm.erl:39: Warning: variable 'ResultList' is unused
/Users/Admin/Sites/consultations/webserver/src/treatment/tm.erl:0: Recompiled with 1 warnings
2014-10-07 17:10:51.527 [error] <0.114.0> /Users/Admin/Sites/consultations/webserver/src/treatment/tm.erl:39: Warning: variable 'ResultList' is unused
/Users/Admin/Sites/consultations/webserver/src/treatment/tm.erl:0: Recompiled with 1 warnings
2014-10-07 17:11:06.693 [error] <0.114.0> /Users/Admin/Sites/consultations/webserver/src/treatment/tm.erl:39: Warning: variable 'ResultList' is unused
/Users/Admin/Sites/consultations/webserver/src/treatment/tm.erl:0: Recompiled with 1 warnings
2014-10-07 17:11:20.873 [error] <0.114.0> /Users/Admin/Sites/consultations/webserver/src/treatment/tm.erl:39: Warning: variable 'ResultList' is unused
/Users/Admin/Sites/consultations/webserver/src/treatment/tm.erl:0: Recompiled with 1 warnings
